2023-07-21 20:50:44,093 INFO [ActorPreludeSample]                 Book.java:601  | 4 sheets in examples/ActorPreludeSample.pdf
2023-07-21 20:50:44,299 INFO []                 Book.java:2515 | Stored /book.xml
2023-07-21 20:50:44,301 INFO []                 Book.java:2476 | Book stored as /data/output/ActorPreludeSample.omr
2023-07-21 20:50:44,322 INFO []                 Book.java:1963 | Book reaching PAGE on sheets:[#1#2#3#4]
2023-07-21 20:50:44,325 INFO [ActorPreludeSample#1]       StepMonitoring.java:98   | LOAD
2023-07-21 20:50:44,977 INFO [ActorPreludeSample#1]                 Book.java:1845 | Loaded image 1 3299x4199 from examples/ActorPreludeSample.pdf
2023-07-21 20:50:44,989 INFO [ActorPreludeSample#1]       StepMonitoring.java:98   | BINARY
2023-07-21 20:50:45,977 INFO [ActorPreludeSample#1]       StepMonitoring.java:98   | SCALE
2023-07-21 20:50:46,014 INFO [ActorPreludeSample#1]         ScaleBuilder.java:234  | Beam  guessed height:  6 -- 0.50 of 13 interline
2023-07-21 20:50:46,018 INFO [ActorPreludeSample#1]         ScaleBuilder.java:257  | Beam measured height:  7 -- 0.33 of [4..13] range at 140% of needed quorum
2023-07-21 20:50:46,020 INFO [ActorPreludeSample#1]            ScaleStep.java:65   | Scale{ interline(12,13,13) line(1,1,2) beam(7)}
2023-07-21 20:50:46,023 INFO [ActorPreludeSample#1]       StepMonitoring.java:98   | GRID
2023-07-21 20:50:46,978 INFO [ActorPreludeSample#1]       LinesRetriever.java:1490 | Global slope: 0.00000
2023-07-21 20:50:47,083 INFO [ActorPreludeSample#1]    ClustersRetriever.java:334  | Retrieved line clusters: 23 of sizes [5] with interline(12,13,13)
2023-07-21 20:50:47,388 INFO [ActorPreludeSample#1]            PeakGraph.java:310  | Systems: #1[1, 2, 3, 4, 5, 6, 7, 8, 9, 10, 11, 12, 13, 14, 15, 16, 17, 18, 19, 20, 21, 22, 23]
2023-07-21 20:50:47,511 INFO [ActorPreludeSample#1]        BarsRetriever.java:769  | No brace partner at level:2 for Peak{375-387 F#5313 T#2 [BRACE]}
2023-07-21 20:50:47,513 INFO [ActorPreludeSample#1]        BarsRetriever.java:769  | No brace partner at level:2 for Peak{375-387 F#5318 T#5 [BRACE]}
2023-07-21 20:50:47,514 INFO [ActorPreludeSample#1]        BarsRetriever.java:769  | No brace partner at level:2 for Peak{375-387 F#5321 T#7 [BRACE]}
2023-07-21 20:50:47,518 INFO [ActorPreludeSample#1]        BarsRetriever.java:1296 | System#1
2023-07-21 20:50:47,519 INFO [ActorPreludeSample#1]        BarsRetriever.java:1299 |    PartGroup{bracket number:1 barline:true staves:1-7}
2023-07-21 20:50:47,521 INFO [ActorPreludeSample#1]        BarsRetriever.java:1299 |    PartGroup{bracket number:1 barline:true staves:8-13}
2023-07-21 20:50:47,522 INFO [ActorPreludeSample#1]        BarsRetriever.java:1299 |    PartGroup{brace number:2 barline:true staves:8-9}
2023-07-21 20:50:47,523 INFO [ActorPreludeSample#1]        BarsRetriever.java:1299 |    PartGroup{brace number:2 barline:true staves:11-12}
2023-07-21 20:50:47,524 INFO [ActorPreludeSample#1]        BarsRetriever.java:1299 |    PartGroup{bracket number:1 barline:true staves:14-16}
2023-07-21 20:50:47,526 INFO [ActorPreludeSample#1]        BarsRetriever.java:1299 |    PartGroup{brace number:2 barline:true staves:15-16}
2023-07-21 20:50:47,527 INFO [ActorPreludeSample#1]        BarsRetriever.java:1299 |    PartGroup{bracket number:1 barline:true staves:19-23}
2023-07-21 20:50:47,982 INFO [ActorPreludeSample#1]        SystemManager.java:736  | 22 parts along 1 system
2023-07-21 20:50:47,987 INFO [ActorPreludeSample#1]                 Book.java:584  | Created scores: [{Score 1}]
2023-07-21 20:50:47,989 INFO [ActorPreludeSample#1]       StepMonitoring.java:98   | HEADERS
2023-07-21 20:50:48,185 INFO []      BasicClassifier.java:277  | Classifier loaded XML norms.
2023-07-21 20:50:48,195 INFO []   AbstractClassifier.java:396  | Classifier data loaded from default uri jar:file:/audiveris/Audiveris-5.3.1/lib/audiveris.jar!/res/basic-classifier.zip
2023-07-21 20:50:48,990 INFO [ActorPreludeSample#1]           KeyBuilder.java:1041 | Staff#7 key slice#1 pitch adjusted from 1.3 to 2
2023-07-21 20:50:48,992 INFO [ActorPreludeSample#1]           KeyBuilder.java:1041 | Staff#11 key slice#1 pitch adjusted from 1.3 to 2
2023-07-21 20:50:48,994 INFO [ActorPreludeSample#1]           KeyBuilder.java:1041 | Staff#12 key slice#1 pitch adjusted from 1.2 to 2
2023-07-21 20:50:48,996 INFO [ActorPreludeSample#1]           KeyBuilder.java:1041 | Staff#18 key slice#1 pitch adjusted from 1.3 to 2
2023-07-21 20:50:48,997 INFO [ActorPreludeSample#1]           KeyBuilder.java:1041 | Staff#22 key slice#1 pitch adjusted from 1.2 to 2
2023-07-21 20:50:49,005 INFO [ActorPreludeSample#1]       StepMonitoring.java:98   | STEM_SEEDS
2023-07-21 20:50:49,145 INFO [ActorPreludeSample#1]            ImageUtil.java:204  | Discarding alpha band ...
2023-07-21 20:50:49,445 INFO [ActorPreludeSample#1]            ImageUtil.java:122  | Converting max RGB to gray
2023-07-21 20:50:49,740 INFO [ActorPreludeSample#1]        StemSeedsStep.java:86   | stem(6 max:8)
2023-07-21 20:50:49,830 INFO [ActorPreludeSample#1]       StepMonitoring.java:98   | BEAMS
2023-07-21 20:50:52,723 INFO [ActorPreludeSample#1]       StepMonitoring.java:98   | LEDGERS
2023-07-21 20:50:53,155 INFO [ActorPreludeSample#1]       StepMonitoring.java:98   | HEADS
2023-07-21 20:50:55,589 INFO [ActorPreludeSample#1]              DrumSet.java:175  | Loading drum set entries from jar:file:/audiveris/Audiveris-5.3.1/lib/audiveris.jar!/res/drum-set.xml
2023-07-21 20:50:55,609 INFO [ActorPreludeSample#1]              DrumSet.java:110  | 
2023-07-21 20:50:55,611 INFO [ActorPreludeSample#1]              DrumSet.java:111  | Resulting Drum Set:
2023-07-21 20:50:55,613 INFO [ActorPreludeSample#1]              DrumSet.java:115  | 
2023-07-21 20:50:55,615 INFO [ActorPreludeSample#1]              DrumSet.java:116  |   line-count: 1
2023-07-21 20:50:55,616 INFO [ActorPreludeSample#1]              DrumSet.java:115  | 
2023-07-21 20:50:55,618 INFO [ActorPreludeSample#1]              DrumSet.java:116  |   line-count: 5
2023-07-21 20:50:55,619 INFO [ActorPreludeSample#1]              DrumSet.java:120  |     pitch-position: -8
2023-07-21 20:50:55,621 INFO [ActorPreludeSample#1]              DrumSet.java:127  |       motif: cross    sound: Splash_Cymbal
2023-07-21 20:50:55,621 INFO [ActorPreludeSample#1]              DrumSet.java:127  |       motif: circle   sound: Chinese_Cymbal
2023-07-21 20:50:55,622 INFO [ActorPreludeSample#1]              DrumSet.java:120  |     pitch-position: -7
2023-07-21 20:50:55,623 INFO [ActorPreludeSample#1]              DrumSet.java:127  |       motif: cross    sound: Crash_Cymbal_2
2023-07-21 20:50:55,624 INFO [ActorPreludeSample#1]              DrumSet.java:127  |       motif: circle   sound: Crash_Cymbal_2
2023-07-21 20:50:55,625 INFO [ActorPreludeSample#1]              DrumSet.java:120  |     pitch-position: -6
2023-07-21 20:50:55,626 INFO [ActorPreludeSample#1]              DrumSet.java:127  |       motif: cross    sound: Crash_Cymbal_1
2023-07-21 20:50:55,627 INFO [ActorPreludeSample#1]              DrumSet.java:127  |       motif: circle   sound: Crash_Cymbal_1
2023-07-21 20:50:55,628 INFO [ActorPreludeSample#1]              DrumSet.java:127  |       motif: diamond  sound: Crash_Cymbal_1
2023-07-21 20:50:55,629 INFO [ActorPreludeSample#1]              DrumSet.java:120  |     pitch-position: -5
2023-07-21 20:50:55,630 INFO [ActorPreludeSample#1]              DrumSet.java:127  |       motif: cross    sign: PLAYING_OPEN      sound: Open_Hi_Hat
2023-07-21 20:50:55,631 INFO [ActorPreludeSample#1]              DrumSet.java:127  |       motif: circle   sound: Open_Hi_Hat
2023-07-21 20:50:55,631 INFO [ActorPreludeSample#1]              DrumSet.java:127  |       motif: cross    sign: PLAYING_CLOSED    sound: Closed_Hi_Hat
2023-07-21 20:50:55,632 INFO [ActorPreludeSample#1]              DrumSet.java:127  |       motif: cross    sound: Closed_Hi_Hat
2023-07-21 20:50:55,633 INFO [ActorPreludeSample#1]              DrumSet.java:120  |     pitch-position: -4
2023-07-21 20:50:55,634 INFO [ActorPreludeSample#1]              DrumSet.java:127  |       motif: oval     sound: High_Tom
2023-07-21 20:50:55,635 INFO [ActorPreludeSample#1]              DrumSet.java:127  |       motif: cross    sound: Ride_Cymbal_1
2023-07-21 20:50:55,636 INFO [ActorPreludeSample#1]              DrumSet.java:127  |       motif: circle   sound: Ride_Cymbal_1
2023-07-21 20:50:55,637 INFO [ActorPreludeSample#1]              DrumSet.java:127  |       motif: diamond  sound: Ride_Bell
2023-07-21 20:50:55,638 INFO [ActorPreludeSample#1]              DrumSet.java:120  |     pitch-position: -3
2023-07-21 20:50:55,639 INFO [ActorPreludeSample#1]              DrumSet.java:127  |       motif: oval     sound: Hi_Mid_Tom
2023-07-21 20:50:55,640 INFO [ActorPreludeSample#1]              DrumSet.java:127  |       motif: cross    sound: Open_Hi_Hat
2023-07-21 20:50:55,641 INFO [ActorPreludeSample#1]              DrumSet.java:127  |       motif: circle   sound: Open_Hi_Hat
2023-07-21 20:50:55,642 INFO [ActorPreludeSample#1]              DrumSet.java:127  |       motif: triangle sound: Cowbell
2023-07-21 20:50:55,643 INFO [ActorPreludeSample#1]              DrumSet.java:120  |     pitch-position: -2
2023-07-21 20:50:55,643 INFO [ActorPreludeSample#1]              DrumSet.java:127  |       motif: oval     sound: Low_Mid_Tom
2023-07-21 20:50:55,644 INFO [ActorPreludeSample#1]              DrumSet.java:127  |       motif: triangle sound: Cowbell
2023-07-21 20:50:55,645 INFO [ActorPreludeSample#1]              DrumSet.java:127  |       motif: diamond  sound: Tambourine
2023-07-21 20:50:55,646 INFO [ActorPreludeSample#1]              DrumSet.java:127  |       motif: cross    sound: Ride_Cymbal_2
2023-07-21 20:50:55,647 INFO [ActorPreludeSample#1]              DrumSet.java:127  |       motif: circle   sound: Ride_Cymbal_2
2023-07-21 20:50:55,648 INFO [ActorPreludeSample#1]              DrumSet.java:120  |     pitch-position: -1
2023-07-21 20:50:55,649 INFO [ActorPreludeSample#1]              DrumSet.java:127  |       motif: oval     sound: Acoustic_Snare
2023-07-21 20:50:55,650 INFO [ActorPreludeSample#1]              DrumSet.java:127  |       motif: small    sound: Acoustic_Snare
2023-07-21 20:50:55,651 INFO [ActorPreludeSample#1]              DrumSet.java:127  |       motif: cross    sound: Side_Stick
2023-07-21 20:50:55,652 INFO [ActorPreludeSample#1]              DrumSet.java:127  |       motif: circle   sound: Side_Stick
2023-07-21 20:50:55,652 INFO [ActorPreludeSample#1]              DrumSet.java:120  |     pitch-position: 0
2023-07-21 20:50:55,653 INFO [ActorPreludeSample#1]              DrumSet.java:127  |       motif: oval     sound: Low_Tom
2023-07-21 20:50:55,654 INFO [ActorPreludeSample#1]              DrumSet.java:120  |     pitch-position: 1
2023-07-21 20:50:55,655 INFO [ActorPreludeSample#1]              DrumSet.java:127  |       motif: oval     sound: High_Floor_Tom
2023-07-21 20:50:55,656 INFO [ActorPreludeSample#1]              DrumSet.java:120  |     pitch-position: 2
2023-07-21 20:50:55,656 INFO [ActorPreludeSample#1]              DrumSet.java:127  |       motif: oval     sound: Low_Floor_Tom
2023-07-21 20:50:55,657 INFO [ActorPreludeSample#1]              DrumSet.java:127  |       motif: cross    sound: Low_Conga
2023-07-21 20:50:55,658 INFO [ActorPreludeSample#1]              DrumSet.java:127  |       motif: circle   sound: Low_Conga
2023-07-21 20:50:55,659 INFO [ActorPreludeSample#1]              DrumSet.java:120  |     pitch-position: 3
2023-07-21 20:50:55,660 INFO [ActorPreludeSample#1]              DrumSet.java:127  |       motif: oval     sound: Bass_Drum_1
2023-07-21 20:50:55,661 INFO [ActorPreludeSample#1]              DrumSet.java:120  |     pitch-position: 4
2023-07-21 20:50:55,662 INFO [ActorPreludeSample#1]              DrumSet.java:127  |       motif: oval     sound: Acoustic_Bass_Drum
2023-07-21 20:50:55,663 INFO [ActorPreludeSample#1]              DrumSet.java:127  |       motif: cross    sound: Open_Hi_Conga
2023-07-21 20:50:55,664 INFO [ActorPreludeSample#1]              DrumSet.java:127  |       motif: circle   sound: Open_Hi_Conga
2023-07-21 20:50:55,665 INFO [ActorPreludeSample#1]              DrumSet.java:120  |     pitch-position: 5
2023-07-21 20:50:55,666 INFO [ActorPreludeSample#1]              DrumSet.java:127  |       motif: cross    sound: Pedal_Hi_Hat
2023-07-21 20:50:55,667 INFO [ActorPreludeSample#1]              DrumSet.java:127  |       motif: circle   sound: Open_Hi_Hat
2023-07-21 20:50:55,668 INFO [ActorPreludeSample#1]              DrumSet.java:137  | 
2023-07-21 20:50:57,041 INFO [ActorPreludeSample#1]        HeadSeedTally.java:235  | Scale information: HeadSeeds{NOTEHEAD_VOID[L:1.8,R:-1.4] NOTEHEAD_BLACK[L:1.0,R:0.6]}
2023-07-21 20:50:57,043 INFO [ActorPreludeSample#1]       StepMonitoring.java:98   | STEMS
2023-07-21 20:51:03,437 INFO [ActorPreludeSample#1]       StepMonitoring.java:98   | REDUCTION
2023-07-21 20:51:03,593 INFO [ActorPreludeSample#1]        ReductionStep.java:93   | Stems free length median value: 45 pixels, 3.5 interlines
2023-07-21 20:51:03,595 INFO [ActorPreludeSample#1]       StepMonitoring.java:98   | CUE_BEAMS
2023-07-21 20:51:03,596 INFO [ActorPreludeSample#1]         CueBeamsStep.java:81   | Step CUE_BEAMS is skipped because small heads switch is off
2023-07-21 20:51:03,598 INFO [ActorPreludeSample#1]       StepMonitoring.java:98   | TEXTS
2023-07-21 20:51:03,601 WARN [ActorPreludeSample#1]            TextsStep.java:97   | TEXTS step: No OCR is available!
2023-07-21 20:51:03,613 INFO [ActorPreludeSample#1]       StepMonitoring.java:98   | MEASURES
2023-07-21 20:51:03,634 INFO [ActorPreludeSample#1]                 Page.java:308  | 9 raw measures: [9 in system#1]
2023-07-21 20:51:03,635 INFO [ActorPreludeSample#1]       StepMonitoring.java:98   | CHORDS
2023-07-21 20:51:03,656 INFO [ActorPreludeSample#1]       StepMonitoring.java:98   | CURVES
2023-07-21 20:51:06,600 INFO [ActorPreludeSample#1]         SlursBuilder.java:240  | Slurs: 25
2023-07-21 20:51:06,759 INFO [ActorPreludeSample#1]      SegmentsBuilder.java:155  | Segments: 69
2023-07-21 20:51:06,771 INFO [ActorPreludeSample#1]       StepMonitoring.java:98   | SYMBOLS
2023-07-21 20:51:08,643 INFO [ActorPreludeSample#1]       StepMonitoring.java:98   | LINKS
2023-07-21 20:51:08,723 INFO [ActorPreludeSample#1]       StepMonitoring.java:98   | RHYTHMS
2023-07-21 20:51:08,807 INFO [ActorPreludeSample#1]                Voice.java:256  | Measure{#4P22} Voice{#1 excess:1/4} too long
2023-07-21 20:51:08,848 INFO [ActorPreludeSample#1]       StepMonitoring.java:98   | PAGE
2023-07-21 20:51:08,854 INFO [ActorPreludeSample#1]                Voice.java:256  | Measure{#4P22} Voice{#1 excess:1/4} too long
2023-07-21 20:51:08,856 WARN [ActorPreludeSample#1]         MeasureFixer.java:343  | System#1 No target duration for measures local IDs [1], please check time signatures
2023-07-21 20:51:08,858 INFO [ActorPreludeSample#1]                 Book.java:2535 | Book{ActorPreludeSample} storing
2023-07-21 20:51:08,969 INFO [ActorPreludeSample#1]                 Book.java:2515 | Stored /book.xml
2023-07-21 20:51:09,144 INFO [ActorPreludeSample#1]           DataHolder.java:348  | Stored /sheet#1/BINARY.png
2023-07-21 20:51:10,737 INFO [ActorPreludeSample#1]                Sheet.java:1529 | Stored /sheet#1/sheet#1.xml
2023-07-21 20:51:10,738 INFO [ActorPreludeSample#1]                 Book.java:2476 | Book stored as /data/output/ActorPreludeSample.omr
2023-07-21 20:51:10,756 INFO [ActorPreludeSample#1]            SheetStub.java:1605 | Disposed sheet#1
2023-07-21 20:51:10,820 INFO [ActorPreludeSample#1]                 Book.java:2035 | End of Stub#1 memory: 30,209,080
2023-07-21 20:51:10,822 INFO [ActorPreludeSample#2]       StepMonitoring.java:98   | LOAD
2023-07-21 20:51:11,765 INFO [ActorPreludeSample#2]                 Book.java:1845 | Loaded image 2 3299x4199 from examples/ActorPreludeSample.pdf
2023-07-21 20:51:11,767 INFO [ActorPreludeSample#2]       StepMonitoring.java:98   | BINARY
2023-07-21 20:51:12,747 INFO [ActorPreludeSample#2]       StepMonitoring.java:98   | SCALE
2023-07-21 20:51:12,781 INFO [ActorPreludeSample#2]         ScaleBuilder.java:234  | Beam  guessed height:  6 -- 0.50 of 12 interline
2023-07-21 20:51:12,783 INFO [ActorPreludeSample#2]         ScaleBuilder.java:257  | Beam measured height:  6 -- 0.33 of [3..12] range at 480% of needed quorum
2023-07-21 20:51:12,786 INFO [ActorPreludeSample#2]            ScaleStep.java:65   | Scale{ interline(11,12,12) line(1,1,3) beam(6)}
2023-07-21 20:51:12,789 INFO [ActorPreludeSample#2]       StepMonitoring.java:98   | GRID
2023-07-21 20:51:14,470 INFO [ActorPreludeSample#2]       LinesRetriever.java:1490 | Global slope: 0.00000
2023-07-21 20:51:14,550 INFO [ActorPreludeSample#2]    ClustersRetriever.java:334  | Retrieved line clusters: 26 of sizes [5] with interline(11,12,12)
2023-07-21 20:51:15,009 INFO [ActorPreludeSample#2]            PeakGraph.java:310  | Systems: #1[1, 2, 3, 4, 5, 6, 7, 8, 9, 10, 11, 12, 13] #2[14, 15, 16, 17, 18, 19, 20, 21, 22, 23, 24, 25, 26]
2023-07-21 20:51:15,071 INFO [ActorPreludeSample#2]        BarsRetriever.java:769  | No brace partner at level:2 for Peak{143-154 F#9142 T#8 [BRACE]}
2023-07-21 20:51:15,072 INFO [ActorPreludeSample#2]        BarsRetriever.java:769  | No brace partner at level:2 for Peak{143-154 F#9162 T#20 [BRACE]}
2023-07-21 20:51:15,074 INFO [ActorPreludeSample#2]        BarsRetriever.java:1296 | System#1
2023-07-21 20:51:15,075 INFO [ActorPreludeSample#2]        BarsRetriever.java:1299 |    PartGroup{bracket number:1 barline:true staves:1-7}
2023-07-21 20:51:15,076 INFO [ActorPreludeSample#2]        BarsRetriever.java:1299 |    PartGroup{bracket number:1 barline:false staves:8}
2023-07-21 20:51:15,076 INFO [ActorPreludeSample#2]        BarsRetriever.java:1299 |    PartGroup{bracket number:1 barline:true staves:9-13}
2023-07-21 20:51:15,077 INFO [ActorPreludeSample#2]        BarsRetriever.java:1296 | System#2
2023-07-21 20:51:15,078 INFO [ActorPreludeSample#2]        BarsRetriever.java:1299 |    PartGroup{bracket number:1 barline:true staves:14-17}
2023-07-21 20:51:15,079 INFO [ActorPreludeSample#2]        BarsRetriever.java:1299 |    PartGroup{bracket number:1 barline:true staves:18-20}
2023-07-21 20:51:15,080 INFO [ActorPreludeSample#2]        BarsRetriever.java:1299 |    PartGroup{brace number:2 barline:true staves:18-19}
2023-07-21 20:51:15,082 INFO [ActorPreludeSample#2]        BarsRetriever.java:1299 |    PartGroup{bracket number:1 barline:false staves:21}
2023-07-21 20:51:15,083 INFO [ActorPreludeSample#2]        BarsRetriever.java:1299 |    PartGroup{bracket number:1 barline:true staves:22-26}
2023-07-21 20:51:16,251 INFO [ActorPreludeSample#2]        SystemManager.java:736  | 13 parts along 2 systems
2023-07-21 20:51:16,253 INFO [ActorPreludeSample#2]       StepMonitoring.java:98   | HEADERS
2023-07-21 20:51:17,068 INFO [ActorPreludeSample#2]       StepMonitoring.java:98   | STEM_SEEDS
2023-07-21 20:51:17,180 INFO [ActorPreludeSample#2]            ImageUtil.java:204  | Discarding alpha band ...
2023-07-21 20:51:17,507 INFO [ActorPreludeSample#2]            ImageUtil.java:122  | Converting max RGB to gray
2023-07-21 20:51:17,813 INFO [ActorPreludeSample#2]        StemSeedsStep.java:86   | stem(1 max:2)
2023-07-21 20:51:17,858 INFO [ActorPreludeSample#2]       StepMonitoring.java:98   | BEAMS
2023-07-21 20:51:20,344 INFO [ActorPreludeSample#2]       StaffProjector.java:644  | Too high serif for multiple rest in Staff#16 at x:2757
2023-07-21 20:51:20,346 INFO [ActorPreludeSample#2]       StaffProjector.java:644  | Too high serif for multiple rest in Staff#16 at x:2854
2023-07-21 20:51:20,348 INFO [ActorPreludeSample#2]       StaffProjector.java:644  | Too high serif for multiple rest in Staff#16 at x:2885
2023-07-21 20:51:20,349 INFO [ActorPreludeSample#2]       StaffProjector.java:644  | Too high serif for multiple rest in Staff#16 at x:2982
2023-07-21 20:51:20,352 INFO [ActorPreludeSample#2]       StepMonitoring.java:98   | LEDGERS
2023-07-21 20:51:21,291 INFO [ActorPreludeSample#2]       StepMonitoring.java:98   | HEADS
2023-07-21 20:51:26,651 INFO [ActorPreludeSample#2]        HeadSeedTally.java:235  | Scale information: HeadSeeds{NOTEHEAD_VOID[L:0.5,R:0.4] NOTEHEAD_BLACK[L:0.5,R:0.5]}
2023-07-21 20:51:26,653 INFO [ActorPreludeSample#2]       StepMonitoring.java:98   | STEMS
2023-07-21 20:51:37,530 INFO [ActorPreludeSample#2]       StepMonitoring.java:98   | REDUCTION
2023-07-21 20:51:37,756 INFO [ActorPreludeSample#2]        ReductionStep.java:93   | Stems free length median value: 42 pixels, 3.5 interlines
2023-07-21 20:51:37,757 INFO [ActorPreludeSample#2]       StepMonitoring.java:98   | CUE_BEAMS
2023-07-21 20:51:37,758 INFO [ActorPreludeSample#2]         CueBeamsStep.java:81   | Step CUE_BEAMS is skipped because small heads switch is off
2023-07-21 20:51:37,759 INFO [ActorPreludeSample#2]       StepMonitoring.java:98   | TEXTS
2023-07-21 20:51:37,760 WARN [ActorPreludeSample#2]            TextsStep.java:97   | TEXTS step: No OCR is available!
2023-07-21 20:51:37,770 INFO [ActorPreludeSample#2]       StepMonitoring.java:98   | MEASURES
2023-07-21 20:51:37,776 INFO [ActorPreludeSample#2]                 Page.java:308  | 19 raw measures: [10 in system#1, 9 in system#2]
2023-07-21 20:51:37,777 INFO [ActorPreludeSample#2]       StepMonitoring.java:98   | CHORDS
2023-07-21 20:51:37,797 INFO [ActorPreludeSample#2]       StepMonitoring.java:98   | CURVES
2023-07-21 20:51:41,267 INFO [ActorPreludeSample#2]         SlursBuilder.java:240  | Slurs: 106
2023-07-21 20:51:41,365 INFO [ActorPreludeSample#2]      SegmentsBuilder.java:155  | Segments: 173
2023-07-21 20:51:41,370 INFO [ActorPreludeSample#2]       StepMonitoring.java:98   | SYMBOLS
2023-07-21 20:51:43,851 INFO [ActorPreludeSample#2]       StepMonitoring.java:98   | LINKS
2023-07-21 20:51:43,859 INFO [ActorPreludeSample#2]        SymbolsLinker.java:289  | No chord linked to OctaveShiftInter#23279{(0.308) stf:13 OTTAVA BASSA}
2023-07-21 20:51:44,007 INFO [ActorPreludeSample#2]        SymbolsLinker.java:424  | No chord above PedalInter#25317{(0.233) PEDAL_MARK}
2023-07-21 20:51:44,010 INFO [ActorPreludeSample#2]        SymbolsLinker.java:289  | No chord linked to OctaveShiftInter#25300{(0.308) stf:14 OTTAVA ALTA}
2023-07-21 20:51:44,101 INFO [ActorPreludeSample#2]       StepMonitoring.java:98   | RHYTHMS
2023-07-21 20:51:44,168 INFO [ActorPreludeSample#2]                Voice.java:256  | Measure{#6P10} Voice{#1 excess:3/64} too long
2023-07-21 20:51:44,240 INFO [ActorPreludeSample#2]        MeasureRhythm.java:985  | Measure{#17P2} No timeOffset for HeadChordInter#18123{(0.972/0.972) stf:15 slot#9 dur:1/16}
2023-07-21 20:51:44,242 INFO [ActorPreludeSample#2]   AbstractChordInter.java:632  | Measure{#17P2} No timeOffset for HeadChordInter#18126{(0.967/0.967) stf:15 slot#12 dur:1/16}
2023-07-21 20:51:44,245 INFO [ActorPreludeSample#2]        MeasureRhythm.java:985  | Measure{#17P3} No timeOffset for HeadChordInter#18191{(0.960/0.960) stf:16 slot#9 dur:1/16}
2023-07-21 20:51:44,246 INFO [ActorPreludeSample#2]   AbstractChordInter.java:632  | Measure{#17P3} No timeOffset for HeadChordInter#18194{(0.953/0.953) stf:16 slot#12 dur:1/16}
2023-07-21 20:51:44,248 INFO [ActorPreludeSample#2]                Voice.java:256  | Measure{#17P4} Voice{#1 excess:1/2} too long
2023-07-21 20:51:44,250 INFO [ActorPreludeSample#2]                Voice.java:256  | Measure{#17P5} Voice{#1 excess:1/2} too long
2023-07-21 20:51:44,251 INFO [ActorPreludeSample#2]                Voice.java:256  | Measure{#17P5} Voice{#2 excess:1/2} too long
2023-07-21 20:51:44,252 INFO [ActorPreludeSample#2]                Voice.java:256  | Measure{#17P6} Voice{#1 excess:1/2} too long
2023-07-21 20:51:44,253 INFO [ActorPreludeSample#2]                Voice.java:256  | Measure{#17P6} Voice{#2 excess:1/2} too long
2023-07-21 20:51:44,257 INFO [ActorPreludeSample#2]                Voice.java:256  | Measure{#17P7} Voice{#1 excess:1/2} too long
2023-07-21 20:51:44,258 INFO [ActorPreludeSample#2]                Voice.java:256  | Measure{#17P7} Voice{#2 excess:1/2} too long
2023-07-21 20:51:44,260 INFO [ActorPreludeSample#2]        MeasureRhythm.java:985  | Measure{#17P8} No timeOffset for RestChordInter#26529{(0.799/0.799) stf:21 slot#5 dur:1/4}
2023-07-21 20:51:44,262 INFO [ActorPreludeSample#2]   AbstractChordInter.java:632  | Measure{#17P8} No timeOffset for RestChordInter#26529{(0.799/0.799) stf:21 slot#5 dur:1/4}
2023-07-21 20:51:44,264 INFO [ActorPreludeSample#2]        MeasureRhythm.java:985  | Measure{#17P9} No timeOffset for HeadChordInter#18251{(0.943/0.943) stf:22 slot#3 dur:1/4}
2023-07-21 20:51:44,265 INFO [ActorPreludeSample#2]   AbstractChordInter.java:632  | Measure{#17P9} No timeOffset for HeadChordInter#18251{(0.943/0.943) stf:22 slot#3 dur:1/4}
2023-07-21 20:51:44,267 INFO [ActorPreludeSample#2]        MeasureRhythm.java:985  | Measure{#17P10} No timeOffset for RestChordInter#26530{(0.726/0.726) stf:23 slot#3 dur:1/4}
2023-07-21 20:51:44,268 INFO [ActorPreludeSample#2]   AbstractChordInter.java:632  | Measure{#17P10} No timeOffset for RestChordInter#26530{(0.726/0.726) stf:23 slot#3 dur:1/4}
2023-07-21 20:51:44,270 INFO [ActorPreludeSample#2]        MeasureRhythm.java:985  | Measure{#17P11} No timeOffset for HeadChordInter#18272{(0.941/0.941) stf:24 slot#3 dur:1/4}
2023-07-21 20:51:44,271 INFO [ActorPreludeSample#2]   AbstractChordInter.java:632  | Measure{#17P11} No timeOffset for HeadChordInter#18272{(0.941/0.941) stf:24 slot#3 dur:1/4}
2023-07-21 20:51:44,272 INFO [ActorPreludeSample#2]                Voice.java:256  | Measure{#17P12} Voice{#1 excess:3/4} too long
2023-07-21 20:51:44,285 INFO [ActorPreludeSample#2]       StepMonitoring.java:98   | PAGE
2023-07-21 20:51:44,290 INFO [ActorPreludeSample#2]                Voice.java:256  | Measure{#6P19} Voice{#1 excess:3/64} too long
2023-07-21 20:51:44,292 INFO [ActorPreludeSample#2]                Voice.java:256  | Measure{#17P12} Voice{#1 excess:1/2} too long
2023-07-21 20:51:44,294 INFO [ActorPreludeSample#2]                Voice.java:256  | Measure{#17P13} Voice{#1 excess:1/2} too long
2023-07-21 20:51:44,295 INFO [ActorPreludeSample#2]                Voice.java:256  | Measure{#17P13} Voice{#2 excess:1/2} too long
2023-07-21 20:51:44,296 INFO [ActorPreludeSample#2]                Voice.java:256  | Measure{#17P14} Voice{#1 excess:1/2} too long
2023-07-21 20:51:44,297 INFO [ActorPreludeSample#2]                Voice.java:256  | Measure{#17P14} Voice{#2 excess:1/2} too long
2023-07-21 20:51:44,298 INFO [ActorPreludeSample#2]                Voice.java:256  | Measure{#17P15} Voice{#1 excess:1/2} too long
2023-07-21 20:51:44,299 INFO [ActorPreludeSample#2]                Voice.java:256  | Measure{#17P15} Voice{#2 excess:1/2} too long
2023-07-21 20:51:44,300 INFO [ActorPreludeSample#2]                Voice.java:256  | Measure{#17P21} Voice{#1 excess:3/4} too long
2023-07-21 20:51:44,302 INFO [ActorPreludeSample#2]                 Book.java:2535 | Book{ActorPreludeSample} storing
2023-07-21 20:51:44,460 INFO [ActorPreludeSample#2]                 Book.java:2515 | Stored /book.xml
2023-07-21 20:51:44,626 INFO [ActorPreludeSample#2]           DataHolder.java:348  | Stored /sheet#2/BINARY.png
2023-07-21 20:51:46,794 INFO [ActorPreludeSample#2]                Sheet.java:1529 | Stored /sheet#2/sheet#2.xml
2023-07-21 20:51:46,796 INFO [ActorPreludeSample#2]                 Book.java:2476 | Book stored as /data/output/ActorPreludeSample.omr
2023-07-21 20:51:46,873 INFO [ActorPreludeSample#2]            SheetStub.java:1605 | Disposed sheet#2
2023-07-21 20:51:46,935 INFO [ActorPreludeSample#2]                 Book.java:2035 | End of Stub#2 memory: 30,237,488
2023-07-21 20:51:46,937 INFO [ActorPreludeSample#3]       StepMonitoring.java:98   | LOAD
2023-07-21 20:51:47,433 INFO [ActorPreludeSample#3]                 Book.java:1845 | Loaded image 3 3299x4199 from examples/ActorPreludeSample.pdf
2023-07-21 20:51:47,435 INFO [ActorPreludeSample#3]       StepMonitoring.java:98   | BINARY
2023-07-21 20:51:48,580 INFO [ActorPreludeSample#3]       StepMonitoring.java:98   | SCALE
2023-07-21 20:51:48,585 INFO [ActorPreludeSample#3]         ScaleBuilder.java:234  | Beam  guessed height:  6 -- 0.50 of 13 interline
2023-07-21 20:51:48,586 INFO [ActorPreludeSample#3]         ScaleBuilder.java:257  | Beam measured height:  7 -- 0.33 of [4..13] range at 247% of needed quorum
2023-07-21 20:51:48,587 INFO [ActorPreludeSample#3]            ScaleStep.java:65   | Scale{ interline(12,13,13) line(1,1,2) beam(7)}
2023-07-21 20:51:48,589 INFO [ActorPreludeSample#3]       StepMonitoring.java:98   | GRID
2023-07-21 20:51:49,141 INFO [ActorPreludeSample#3]       LinesRetriever.java:1490 | Global slope: 0.00000
2023-07-21 20:51:49,192 INFO [ActorPreludeSample#3]    ClustersRetriever.java:334  | Retrieved line clusters: 23 of sizes [5] with interline(12,13,13)
2023-07-21 20:51:49,359 INFO [ActorPreludeSample#3]            PeakGraph.java:310  | Systems: #1[1, 2, 3, 4, 5, 6, 7, 8, 9, 10, 11, 12, 13, 14, 15, 16, 17, 18, 19, 20, 21, 22, 23]
2023-07-21 20:51:49,375 WARN [ActorPreludeSample#3]        BarsRetriever.java:373  | Staff#9 expected brace middle/bottom
2023-07-21 20:51:49,395 INFO [ActorPreludeSample#3]        BarsRetriever.java:1296 | System#1
2023-07-21 20:51:49,396 INFO [ActorPreludeSample#3]        BarsRetriever.java:1299 |    PartGroup{bracket number:1 barline:true staves:1-7}
2023-07-21 20:51:49,397 INFO [ActorPreludeSample#3]        BarsRetriever.java:1299 |    PartGroup{bracket number:1 barline:true staves:8-13}
2023-07-21 20:51:49,398 INFO [ActorPreludeSample#3]        BarsRetriever.java:1299 |    PartGroup{brace number:2 barline:true staves:8-9}
2023-07-21 20:51:49,399 INFO [ActorPreludeSample#3]        BarsRetriever.java:1299 |    PartGroup{brace number:2 barline:true staves:11-12}
2023-07-21 20:51:49,399 INFO [ActorPreludeSample#3]        BarsRetriever.java:1299 |    PartGroup{bracket number:1 barline:true staves:14-16}
2023-07-21 20:51:49,400 INFO [ActorPreludeSample#3]        BarsRetriever.java:1299 |    PartGroup{brace number:2 barline:true staves:15-16}
2023-07-21 20:51:49,401 INFO [ActorPreludeSample#3]        BarsRetriever.java:1299 |    PartGroup{bracket number:1 barline:true staves:19-23}
2023-07-21 20:51:49,814 INFO [ActorPreludeSample#3]        SystemManager.java:736  | 22 parts along 1 system
2023-07-21 20:51:49,815 INFO [ActorPreludeSample#3]       StepMonitoring.java:98   | HEADERS
2023-07-21 20:51:50,156 INFO [ActorPreludeSample#3]       StepMonitoring.java:98   | STEM_SEEDS
2023-07-21 20:51:50,295 INFO [ActorPreludeSample#3]            ImageUtil.java:204  | Discarding alpha band ...
2023-07-21 20:51:50,593 INFO [ActorPreludeSample#3]            ImageUtil.java:122  | Converting max RGB to gray
2023-07-21 20:51:50,758 INFO [ActorPreludeSample#3]        StemSeedsStep.java:86   | stem(1 max:2)
2023-07-21 20:51:50,772 INFO [ActorPreludeSample#3]       StepMonitoring.java:98   | BEAMS
2023-07-21 20:51:53,844 INFO [ActorPreludeSample#3]       StepMonitoring.java:98   | LEDGERS
2023-07-21 20:51:54,268 INFO [ActorPreludeSample#3]       StepMonitoring.java:98   | HEADS
2023-07-21 20:51:58,673 INFO [ActorPreludeSample#3]        HeadSeedTally.java:235  | Scale information: HeadSeeds{NOTEHEAD_VOID[L:0.5,R:0.3] NOTEHEAD_BLACK[L:0.5,R:0.5]}
2023-07-21 20:51:58,674 INFO [ActorPreludeSample#3]       StepMonitoring.java:98   | STEMS
2023-07-21 20:52:07,020 INFO [ActorPreludeSample#3]       StepMonitoring.java:98   | REDUCTION
2023-07-21 20:52:07,156 INFO [ActorPreludeSample#3]        ReductionStep.java:93   | Stems free length median value: 45 pixels, 3.5 interlines
2023-07-21 20:52:07,157 INFO [ActorPreludeSample#3]       StepMonitoring.java:98   | CUE_BEAMS
2023-07-21 20:52:07,158 INFO [ActorPreludeSample#3]         CueBeamsStep.java:81   | Step CUE_BEAMS is skipped because small heads switch is off
2023-07-21 20:52:07,159 INFO [ActorPreludeSample#3]       StepMonitoring.java:98   | TEXTS
2023-07-21 20:52:07,160 WARN [ActorPreludeSample#3]            TextsStep.java:97   | TEXTS step: No OCR is available!
2023-07-21 20:52:07,164 INFO [ActorPreludeSample#3]       StepMonitoring.java:98   | MEASURES
2023-07-21 20:52:07,169 INFO [ActorPreludeSample#3]                 Page.java:308  | 9 raw measures: [9 in system#1]
2023-07-21 20:52:07,170 INFO [ActorPreludeSample#3]       StepMonitoring.java:98   | CHORDS
2023-07-21 20:52:07,184 INFO [ActorPreludeSample#3]       StepMonitoring.java:98   | CURVES
2023-07-21 20:52:08,473 INFO [ActorPreludeSample#3]         SlursBuilder.java:240  | Slurs: 39
2023-07-21 20:52:08,496 INFO [ActorPreludeSample#3]      SegmentsBuilder.java:155  | Segments: 94
2023-07-21 20:52:08,499 INFO [ActorPreludeSample#3]       StepMonitoring.java:98   | SYMBOLS
2023-07-21 20:52:10,117 INFO [ActorPreludeSample#3]       StepMonitoring.java:98   | LINKS
2023-07-21 20:52:10,233 INFO [ActorPreludeSample#3]       StepMonitoring.java:98   | RHYTHMS
2023-07-21 20:52:10,335 INFO [ActorPreludeSample#3]       StepMonitoring.java:98   | PAGE
2023-07-21 20:52:10,340 INFO [ActorPreludeSample#3]                 Book.java:2535 | Book{ActorPreludeSample} storing
2023-07-21 20:52:10,454 INFO [ActorPreludeSample#3]                 Book.java:2515 | Stored /book.xml
2023-07-21 20:52:10,567 INFO [ActorPreludeSample#3]           DataHolder.java:348  | Stored /sheet#3/BINARY.png
2023-07-21 20:52:11,631 INFO [ActorPreludeSample#3]                Sheet.java:1529 | Stored /sheet#3/sheet#3.xml
2023-07-21 20:52:11,633 INFO [ActorPreludeSample#3]                 Book.java:2476 | Book stored as /data/output/ActorPreludeSample.omr
2023-07-21 20:52:11,774 INFO [ActorPreludeSample#3]            SheetStub.java:1605 | Disposed sheet#3
2023-07-21 20:52:11,833 INFO [ActorPreludeSample#3]                 Book.java:2035 | End of Stub#3 memory: 30,212,976
2023-07-21 20:52:11,834 INFO [ActorPreludeSample#4]       StepMonitoring.java:98   | LOAD
2023-07-21 20:52:12,789 INFO [ActorPreludeSample#4]                 Book.java:1845 | Loaded image 4 3299x4199 from examples/ActorPreludeSample.pdf
2023-07-21 20:52:12,792 INFO [ActorPreludeSample#4]       StepMonitoring.java:98   | BINARY
2023-07-21 20:52:13,820 INFO [ActorPreludeSample#4]       StepMonitoring.java:98   | SCALE
2023-07-21 20:52:13,827 INFO [ActorPreludeSample#4]         ScaleBuilder.java:234  | Beam  guessed height:  6 -- 0.50 of 13 interline
2023-07-21 20:52:13,829 INFO [ActorPreludeSample#4]         ScaleBuilder.java:257  | Beam measured height:  7 -- 0.33 of [4..13] range at 656% of needed quorum
2023-07-21 20:52:13,831 INFO [ActorPreludeSample#4]            ScaleStep.java:65   | Scale{ interline(12,13,13) line(1,1,3) beam(7)}
2023-07-21 20:52:13,832 INFO [ActorPreludeSample#4]       StepMonitoring.java:98   | GRID
2023-07-21 20:52:15,143 INFO [ActorPreludeSample#4]       LinesRetriever.java:1490 | Global slope: 0.00000
2023-07-21 20:52:15,199 INFO [ActorPreludeSample#4]    ClustersRetriever.java:334  | Retrieved line clusters: 23 of sizes [5] with interline(12,13,13)
2023-07-21 20:52:15,694 INFO [ActorPreludeSample#4]            PeakGraph.java:310  | Systems: #1[1, 2, 3, 4, 5, 6, 7, 8, 9, 10, 11, 12, 13, 14, 15, 16, 17, 18, 19, 20, 21, 22, 23]
2023-07-21 20:52:15,710 WARN [ActorPreludeSample#4]        BarsRetriever.java:373  | Staff#9 expected brace middle/bottom
2023-07-21 20:52:15,739 INFO [ActorPreludeSample#4]        BarsRetriever.java:1296 | System#1
2023-07-21 20:52:15,740 INFO [ActorPreludeSample#4]        BarsRetriever.java:1299 |    PartGroup{bracket number:1 barline:true staves:1-7}
2023-07-21 20:52:15,741 INFO [ActorPreludeSample#4]        BarsRetriever.java:1299 |    PartGroup{bracket number:1 barline:true staves:8-13}
2023-07-21 20:52:15,741 INFO [ActorPreludeSample#4]        BarsRetriever.java:1299 |    PartGroup{brace number:2 barline:true staves:8-9}
2023-07-21 20:52:15,742 INFO [ActorPreludeSample#4]        BarsRetriever.java:1299 |    PartGroup{brace number:2 barline:true staves:11-12}
2023-07-21 20:52:15,743 INFO [ActorPreludeSample#4]        BarsRetriever.java:1299 |    PartGroup{bracket number:1 barline:true staves:14-16}
2023-07-21 20:52:15,744 INFO [ActorPreludeSample#4]        BarsRetriever.java:1299 |    PartGroup{brace number:2 barline:true staves:15-16}
2023-07-21 20:52:15,745 INFO [ActorPreludeSample#4]        BarsRetriever.java:1299 |    PartGroup{bracket number:1 barline:true staves:19-23}
2023-07-21 20:52:16,888 INFO [ActorPreludeSample#4]        SystemManager.java:736  | 22 parts along 1 system
2023-07-21 20:52:16,890 INFO [ActorPreludeSample#4]       StepMonitoring.java:98   | HEADERS
2023-07-21 20:52:17,388 INFO [ActorPreludeSample#4]       StepMonitoring.java:98   | STEM_SEEDS
2023-07-21 20:52:17,516 INFO [ActorPreludeSample#4]            ImageUtil.java:204  | Discarding alpha band ...
2023-07-21 20:52:17,782 INFO [ActorPreludeSample#4]            ImageUtil.java:122  | Converting max RGB to gray
2023-07-21 20:52:17,953 INFO [ActorPreludeSample#4]        StemSeedsStep.java:86   | stem(1 max:2)
2023-07-21 20:52:17,979 INFO [ActorPreludeSample#4]       StepMonitoring.java:98   | BEAMS
2023-07-21 20:52:20,893 INFO [ActorPreludeSample#4]       StaffProjector.java:644  | Too high serif for multiple rest in Staff#5 at x:2356
2023-07-21 20:52:20,895 INFO [ActorPreludeSample#4]       StaffProjector.java:644  | Too high serif for multiple rest in Staff#5 at x:2439
2023-07-21 20:52:20,897 INFO [ActorPreludeSample#4]       StaffProjector.java:644  | Too high serif for multiple rest in Staff#5 at x:2466
2023-07-21 20:52:20,898 INFO [ActorPreludeSample#4]       StaffProjector.java:644  | Too high serif for multiple rest in Staff#5 at x:2550
2023-07-21 20:52:20,900 INFO [ActorPreludeSample#4]       StaffProjector.java:644  | Too high serif for multiple rest in Staff#5 at x:2577
2023-07-21 20:52:20,901 INFO [ActorPreludeSample#4]       StaffProjector.java:644  | Too high serif for multiple rest in Staff#5 at x:2660
2023-07-21 20:52:20,903 INFO [ActorPreludeSample#4]       StaffProjector.java:644  | Too high serif for multiple rest in Staff#5 at x:2895
2023-07-21 20:52:20,904 INFO [ActorPreludeSample#4]       StaffProjector.java:644  | Too high serif for multiple rest in Staff#5 at x:2973
2023-07-21 20:52:20,905 INFO [ActorPreludeSample#4]       StaffProjector.java:644  | Too high serif for multiple rest in Staff#5 at x:2999
2023-07-21 20:52:20,907 INFO [ActorPreludeSample#4]       StaffProjector.java:644  | Too high serif for multiple rest in Staff#5 at x:3077
2023-07-21 20:52:20,910 INFO [ActorPreludeSample#4]       StepMonitoring.java:98   | LEDGERS
2023-07-21 20:52:23,169 INFO [ActorPreludeSample#4]       StepMonitoring.java:98   | HEADS
2023-07-21 20:52:29,573 INFO [ActorPreludeSample#4]        HeadSeedTally.java:235  | Scale information: HeadSeeds{NOTEHEAD_VOID[L:0.5,R:0.4] NOTEHEAD_BLACK[L:0.5,R:0.5]}
2023-07-21 20:52:29,575 INFO [ActorPreludeSample#4]       StepMonitoring.java:98   | STEMS
2023-07-21 20:53:13,908 INFO [ActorPreludeSample#4]       StepMonitoring.java:98   | REDUCTION
2023-07-21 20:53:14,367 INFO [ActorPreludeSample#4]        ReductionStep.java:93   | Stems free length median value: 45 pixels, 3.5 interlines
2023-07-21 20:53:14,368 INFO [ActorPreludeSample#4]       StepMonitoring.java:98   | CUE_BEAMS
2023-07-21 20:53:14,369 INFO [ActorPreludeSample#4]         CueBeamsStep.java:81   | Step CUE_BEAMS is skipped because small heads switch is off
2023-07-21 20:53:14,370 INFO [ActorPreludeSample#4]       StepMonitoring.java:98   | TEXTS
2023-07-21 20:53:14,371 WARN [ActorPreludeSample#4]            TextsStep.java:97   | TEXTS step: No OCR is available!
2023-07-21 20:53:14,380 INFO [ActorPreludeSample#4]       StepMonitoring.java:98   | MEASURES
2023-07-21 20:53:14,387 INFO [ActorPreludeSample#4]                 Page.java:308  | 8 raw measures: [8 in system#1]
2023-07-21 20:53:14,389 INFO [ActorPreludeSample#4]       StepMonitoring.java:98   | CHORDS
2023-07-21 20:53:14,436 INFO [ActorPreludeSample#4]       StepMonitoring.java:98   | CURVES
2023-07-21 20:53:17,032 INFO [ActorPreludeSample#4]         SlursBuilder.java:240  | Slurs: 195
2023-07-21 20:53:17,266 INFO [ActorPreludeSample#4]      SegmentsBuilder.java:155  | Segments: 127
2023-07-21 20:53:17,277 INFO [ActorPreludeSample#4]       StepMonitoring.java:98   | SYMBOLS
2023-07-21 20:53:20,175 INFO [ActorPreludeSample#4]       StepMonitoring.java:98   | LINKS
2023-07-21 20:53:20,634 INFO [ActorPreludeSample#4]       StepMonitoring.java:98   | RHYTHMS
2023-07-21 20:53:20,711 INFO [ActorPreludeSample#4]        MeasureRhythm.java:985  | Measure{#4P2} No timeOffset for HeadChordInter#24064{(0.973/0.973) stf:2 slot#9 dur:1/16}
2023-07-21 20:53:20,714 INFO [ActorPreludeSample#4]        MeasureRhythm.java:985  | Measure{#4P3} No timeOffset for HeadChordInter#24108{(0.940/0.940) stf:3 slot#9 dur:1/16}
2023-07-21 20:53:20,717 INFO [ActorPreludeSample#4]        MeasureRhythm.java:985  | Measure{#4P4} No timeOffset for HeadChordInter#24148{(0.954/0.954) stf:4 slot#6 dur:1/16}
2023-07-21 20:53:20,718 INFO [ActorPreludeSample#4]   AbstractChordInter.java:632  | Measure{#4P4} No timeOffset for HeadChordInter#24151{(0.953/0.953) stf:4 slot#9 dur:1/16}
2023-07-21 20:53:20,721 INFO [ActorPreludeSample#4]        MeasureRhythm.java:985  | Measure{#4P5} No timeOffset for HeadChordInter#24224{(0.974/0.974) stf:5 slot#9 dur:1/16}
2023-07-21 20:53:20,725 INFO [ActorPreludeSample#4]        MeasureRhythm.java:985  | Measure{#4P6} No timeOffset for HeadChordInter#24268{(0.929/0.929) stf:6 slot#9 dur:1/16}
2023-07-21 20:53:20,727 INFO [ActorPreludeSample#4]        MeasureRhythm.java:985  | Measure{#4P7} No timeOffset for HeadChordInter#24305{(0.952/0.952) stf:7 slot#2 dur:1/4}
2023-07-21 20:53:20,734 INFO [ActorPreludeSample#4]        MeasureRhythm.java:985  | Measure{#4P8} No timeOffset for HeadChordInter#24312{(0.955/0.955) stf:8 slot#2 dur:1/4}
2023-07-21 20:53:20,737 INFO [ActorPreludeSample#4]        MeasureRhythm.java:985  | Measure{#4P9} No timeOffset for HeadChordInter#24319{(0.954/0.954) stf:9 slot#2 dur:1/4}
2023-07-21 20:53:20,739 INFO [ActorPreludeSample#4]        MeasureRhythm.java:985  | Measure{#4P11} No timeOffset for HeadChordInter#24334{(0.959/0.959) stf:11 slot#2 dur:1/4}
2023-07-21 20:53:20,742 INFO [ActorPreludeSample#4]        MeasureRhythm.java:985  | Measure{#4P12} No timeOffset for HeadChordInter#24344{(0.942/0.942) stf:12 slot#2 dur:1/4}
2023-07-21 20:53:20,745 INFO [ActorPreludeSample#4]        MeasureRhythm.java:985  | Measure{#4P13} No timeOffset for HeadChordInter#24354{(0.955/0.955) stf:13 slot#2 dur:1/4}
2023-07-21 20:53:20,749 INFO [ActorPreludeSample#4]                Voice.java:256  | Measure{#4P16} Voice{#1 excess:1/4} too long
2023-07-21 20:53:20,752 INFO [ActorPreludeSample#4]        MeasureRhythm.java:985  | Measure{#4P18} No timeOffset for HeadChordInter#24417{(0.958/0.958) stf:19 slot#9 dur:1/16}
2023-07-21 20:53:20,756 INFO [ActorPreludeSample#4]        MeasureRhythm.java:985  | Measure{#4P19} No timeOffset for HeadChordInter#24485{(0.952/0.952) stf:20 slot#6 dur:1/16}
2023-07-21 20:53:20,757 INFO [ActorPreludeSample#4]   AbstractChordInter.java:632  | Measure{#4P19} No timeOffset for HeadChordInter#24488{(0.963/0.963) stf:20 slot#9 dur:1/16}
2023-07-21 20:53:20,762 INFO [ActorPreludeSample#4]        MeasureRhythm.java:985  | Measure{#4P20} No timeOffset for HeadChordInter#24553{(0.961/0.961) stf:21 slot#9 dur:1/16}
2023-07-21 20:53:20,765 INFO [ActorPreludeSample#4]        MeasureRhythm.java:985  | Measure{#4P21} No timeOffset for HeadChordInter#24597{(0.957/0.957) stf:22 slot#9 dur:1/16}
2023-07-21 20:53:20,769 INFO [ActorPreludeSample#4]        MeasureRhythm.java:985  | Measure{#5P1} No timeOffset for HeadChordInter#24004{(0.963/0.963) stf:1 slot#9 dur:1/16}
2023-07-21 20:53:20,772 INFO [ActorPreludeSample#4]        MeasureRhythm.java:985  | Measure{#5P2} No timeOffset for HeadChordInter#24076{(0.963/0.963) stf:2 slot#9 dur:1/16}
2023-07-21 20:53:20,775 INFO [ActorPreludeSample#4]        MeasureRhythm.java:985  | Measure{#5P3} No timeOffset for HeadChordInter#24120{(0.974/0.974) stf:3 slot#9 dur:1/16}
2023-07-21 20:53:20,780 INFO [ActorPreludeSample#4]        MeasureRhythm.java:985  | Measure{#5P4} No timeOffset for HeadChordInter#24164{(0.937/0.937) stf:4 slot#9 dur:1/16}
2023-07-21 20:53:20,783 INFO [ActorPreludeSample#4]        MeasureRhythm.java:985  | Measure{#5P5} No timeOffset for HeadChordInter#24236{(0.968/0.968) stf:5 slot#9 dur:1/16}
2023-07-21 20:53:20,786 INFO [ActorPreludeSample#4]        MeasureRhythm.java:985  | Measure{#5P6} No timeOffset for HeadChordInter#24280{(0.958/0.958) stf:6 slot#9 dur:1/16}
2023-07-21 20:53:20,789 INFO [ActorPreludeSample#4]        MeasureRhythm.java:985  | Measure{#5P7} No timeOffset for HeadChordInter#24307{(0.963/0.963) stf:7 slot#2 dur:1/4}
2023-07-21 20:53:20,791 INFO [ActorPreludeSample#4]        MeasureRhythm.java:985  | Measure{#5P8} No timeOffset for HeadChordInter#24314{(0.960/0.960) stf:8 slot#2 dur:1/4}
2023-07-21 20:53:20,795 INFO [ActorPreludeSample#4]        MeasureRhythm.java:985  | Measure{#5P9} No timeOffset for HeadChordInter#24321{(0.954/0.954) stf:9 slot#2 dur:1/4}
2023-07-21 20:53:20,797 INFO [ActorPreludeSample#4]        MeasureRhythm.java:985  | Measure{#5P10} No timeOffset for HeadChordInter#24326{(0.962/0.962) stf:10 slot#2 dur:1/4}
2023-07-21 20:53:20,799 INFO [ActorPreludeSample#4]        MeasureRhythm.java:985  | Measure{#5P11} No timeOffset for HeadChordInter#24336{(0.948/0.948) stf:11 slot#2 dur:1/4}
2023-07-21 20:53:20,801 INFO [ActorPreludeSample#4]        MeasureRhythm.java:985  | Measure{#5P12} No timeOffset for HeadChordInter#24346{(0.946/0.946) stf:12 slot#2 dur:1/4}
2023-07-21 20:53:20,803 INFO [ActorPreludeSample#4]        MeasureRhythm.java:985  | Measure{#5P13} No timeOffset for HeadChordInter#24356{(0.938/0.938) stf:13 slot#2 dur:1/4}
2023-07-21 20:53:20,807 INFO [ActorPreludeSample#4]                Voice.java:256  | Measure{#5P16} Voice{#1 excess:1/4} too long
2023-07-21 20:53:20,811 INFO [ActorPreludeSample#4]        MeasureRhythm.java:985  | Measure{#5P18} No timeOffset for HeadChordInter#24429{(0.964/0.964) stf:19 slot#9 dur:1/16}
2023-07-21 20:53:20,814 INFO [ActorPreludeSample#4]        MeasureRhythm.java:985  | Measure{#5P19} No timeOffset for HeadChordInter#24501{(0.961/0.961) stf:20 slot#9 dur:1/16}
2023-07-21 20:53:20,817 INFO [ActorPreludeSample#4]        MeasureRhythm.java:985  | Measure{#5P20} No timeOffset for HeadChordInter#24565{(0.959/0.959) stf:21 slot#9 dur:1/16}
2023-07-21 20:53:20,820 INFO [ActorPreludeSample#4]        MeasureRhythm.java:985  | Measure{#5P21} No timeOffset for HeadChordInter#24609{(0.958/0.958) stf:22 slot#9 dur:1/16}
2023-07-21 20:53:20,824 INFO [ActorPreludeSample#4]        MeasureRhythm.java:985  | Measure{#5P22} No timeOffset for HeadChordInter#24641{(0.956/0.956) stf:23 slot#9 dur:1/16}
2023-07-21 20:53:20,828 INFO [ActorPreludeSample#4]        MeasureRhythm.java:985  | Measure{#6P1} No timeOffset for HeadChordInter#24016{(0.966/0.966) stf:1 slot#9 dur:1/16}
2023-07-21 20:53:20,831 INFO [ActorPreludeSample#4]        MeasureRhythm.java:985  | Measure{#6P2} No timeOffset for HeadChordInter#24088{(0.966/0.966) stf:2 slot#9 dur:1/16}
2023-07-21 20:53:20,834 INFO [ActorPreludeSample#4]        MeasureRhythm.java:985  | Measure{#6P3} No timeOffset for HeadChordInter#24132{(0.970/0.970) stf:3 slot#9 dur:1/16}
2023-07-21 20:53:20,837 INFO [ActorPreludeSample#4]        MeasureRhythm.java:985  | Measure{#6P4} No timeOffset for HeadChordInter#24176{(0.911/0.911) stf:4 slot#9 dur:1/16}
2023-07-21 20:53:20,839 INFO [ActorPreludeSample#4]        MeasureRhythm.java:985  | Measure{#6P5} No timeOffset for HeadChordInter#24248{(0.956/0.956) stf:5 slot#9 dur:1/16}
2023-07-21 20:53:20,842 INFO [ActorPreludeSample#4]        MeasureRhythm.java:985  | Measure{#6P6} No timeOffset for HeadChordInter#24292{(0.953/0.953) stf:6 slot#9 dur:1/16}
2023-07-21 20:53:20,845 INFO [ActorPreludeSample#4]                Voice.java:256  | Measure{#6P7} Voice{#1 excess:1/4} too long
2023-07-21 20:53:20,847 INFO [ActorPreludeSample#4]                Voice.java:256  | Measure{#6P8} Voice{#1 excess:1/4} too long
2023-07-21 20:53:20,849 INFO [ActorPreludeSample#4]                Voice.java:256  | Measure{#6P9} Voice{#1 excess:1/4} too long
2023-07-21 20:53:20,851 INFO [ActorPreludeSample#4]                Voice.java:256  | Measure{#6P10} Voice{#1 excess:1/4} too long
2023-07-21 20:53:20,853 INFO [ActorPreludeSample#4]                Voice.java:256  | Measure{#6P11} Voice{#1 excess:1/4} too long
2023-07-21 20:53:20,855 INFO [ActorPreludeSample#4]                Voice.java:256  | Measure{#6P12} Voice{#1 excess:1/4} too long
2023-07-21 20:53:20,857 INFO [ActorPreludeSample#4]                Voice.java:256  | Measure{#6P13} Voice{#1 excess:1/4} too long
2023-07-21 20:53:20,859 INFO [ActorPreludeSample#4]        MeasureRhythm.java:985  | Measure{#6P14} No timeOffset for HeadChordInter#24362{(0.940/0.940) stf:14 slot#3 dur:1/4}
2023-07-21 20:53:20,862 INFO [ActorPreludeSample#4]                Voice.java:256  | Measure{#6P15} Voice{#1 excess:1/4} too long
2023-07-21 20:53:20,864 INFO [ActorPreludeSample#4]        MeasureRhythm.java:985  | Measure{#6P16} No timeOffset for HeadChordInter#24378{(0.944/0.944) stf:16 slot#3 dur:1/4}
2023-07-21 20:53:20,872 INFO [ActorPreludeSample#4]        MeasureRhythm.java:985  | Measure{#6P18} No timeOffset for HeadChordInter#24441{(0.964/0.964) stf:19 slot#9 dur:1/16}
2023-07-21 20:53:20,876 INFO [ActorPreludeSample#4]        MeasureRhythm.java:985  | Measure{#6P19} No timeOffset for HeadChordInter#24513{(0.967/0.967) stf:20 slot#9 dur:1/16}
2023-07-21 20:53:20,881 INFO [ActorPreludeSample#4]        MeasureRhythm.java:985  | Measure{#6P20} No timeOffset for HeadChordInter#24577{(0.955/0.955) stf:21 slot#9 dur:1/16}
2023-07-21 20:53:20,885 INFO [ActorPreludeSample#4]        MeasureRhythm.java:985  | Measure{#6P21} No timeOffset for HeadChordInter#24621{(0.949/0.949) stf:22 slot#9 dur:1/16}
2023-07-21 20:53:20,892 INFO [ActorPreludeSample#4]        MeasureRhythm.java:985  | Measure{#6P22} No timeOffset for HeadChordInter#24653{(0.961/0.961) stf:23 slot#9 dur:1/16}
2023-07-21 20:53:20,909 INFO [ActorPreludeSample#4]        MeasureRhythm.java:985  | Measure{#8P1} No timeOffset for HeadChordInter#24024{(0.966/0.966) stf:1 slot#6 dur:1/16}
2023-07-21 20:53:20,911 INFO [ActorPreludeSample#4]   AbstractChordInter.java:632  | Measure{#8P1} No timeOffset for HeadChordInter#24027{(0.963/0.963) stf:1 slot#9 dur:1/16}
2023-07-21 20:53:20,914 INFO [ActorPreludeSample#4]        MeasureRhythm.java:985  | Measure{#8P2} No timeOffset for HeadChordInter#24096{(0.966/0.966) stf:2 slot#6 dur:1/16}
2023-07-21 20:53:20,915 INFO [ActorPreludeSample#4]   AbstractChordInter.java:632  | Measure{#8P2} No timeOffset for HeadChordInter#24099{(0.920/0.920) stf:2 slot#9 dur:1/16}
2023-07-21 20:53:20,918 INFO [ActorPreludeSample#4]        MeasureRhythm.java:985  | Measure{#8P3} No timeOffset for HeadChordInter#24140{(0.970/0.970) stf:3 slot#6 dur:1/16}
2023-07-21 20:53:20,919 INFO [ActorPreludeSample#4]   AbstractChordInter.java:632  | Measure{#8P3} No timeOffset for HeadChordInter#24143{(0.969/0.969) stf:3 slot#9 dur:1/16}
2023-07-21 20:53:20,922 INFO [ActorPreludeSample#4]        MeasureRhythm.java:985  | Measure{#8P4} No timeOffset for HeadChordInter#24184{(0.911/0.911) stf:4 slot#6 dur:1/16}
2023-07-21 20:53:20,923 INFO [ActorPreludeSample#4]   AbstractChordInter.java:632  | Measure{#8P4} No timeOffset for HeadChordInter#24187{(0.962/0.962) stf:4 slot#9 dur:1/16}
2023-07-21 20:53:20,927 INFO [ActorPreludeSample#4]        MeasureRhythm.java:985  | Measure{#8P5} No timeOffset for HeadChordInter#24256{(0.956/0.956) stf:5 slot#6 dur:1/16}
2023-07-21 20:53:20,928 INFO [ActorPreludeSample#4]   AbstractChordInter.java:632  | Measure{#8P5} No timeOffset for HeadChordInter#24259{(0.959/0.959) stf:5 slot#9 dur:1/16}
2023-07-21 20:53:20,931 INFO [ActorPreludeSample#4]        MeasureRhythm.java:985  | Measure{#8P6} No timeOffset for HeadChordInter#24300{(0.957/0.957) stf:6 slot#6 dur:1/16}
2023-07-21 20:53:20,932 INFO [ActorPreludeSample#4]   AbstractChordInter.java:632  | Measure{#8P6} No timeOffset for HeadChordInter#24303{(0.919/0.919) stf:6 slot#9 dur:1/16}
2023-07-21 20:53:20,934 INFO [ActorPreludeSample#4]                Voice.java:256  | Measure{#8P7} Voice{#1 excess:1/2} too long
2023-07-21 20:53:20,936 INFO [ActorPreludeSample#4]                Voice.java:256  | Measure{#8P8} Voice{#1 excess:1/4} too long
2023-07-21 20:53:20,938 INFO [ActorPreludeSample#4]                Voice.java:256  | Measure{#8P9} Voice{#1 excess:1/2} too long
2023-07-21 20:53:20,940 INFO [ActorPreludeSample#4]                Voice.java:256  | Measure{#8P10} Voice{#1 excess:1/2} too long
2023-07-21 20:53:20,942 INFO [ActorPreludeSample#4]                Voice.java:256  | Measure{#8P11} Voice{#1 excess:1/4} too long
2023-07-21 20:53:20,945 INFO [ActorPreludeSample#4]                Voice.java:256  | Measure{#8P12} Voice{#1 excess:1/2} too long
2023-07-21 20:53:20,948 INFO [ActorPreludeSample#4]                Voice.java:256  | Measure{#8P13} Voice{#1 excess:1/2} too long
2023-07-21 20:53:20,950 INFO [ActorPreludeSample#4]        MeasureRhythm.java:985  | Measure{#8P14} No timeOffset for HeadChordInter#24364{(0.939/0.939) stf:14 slot#3 dur:1/4}
2023-07-21 20:53:20,952 INFO [ActorPreludeSample#4]   AbstractChordInter.java:632  | Measure{#8P14} No timeOffset for HeadChordInter#24364{(0.939/0.939) stf:14 slot#3 dur:1/4}
2023-07-21 20:53:20,955 INFO [ActorPreludeSample#4]        MeasureRhythm.java:985  | Measure{#8P16} No timeOffset for HeadChordInter#24380{(0.943/0.943) stf:16 slot#3 dur:1/4}
2023-07-21 20:53:20,956 INFO [ActorPreludeSample#4]   AbstractChordInter.java:632  | Measure{#8P16} No timeOffset for HeadChordInter#24380{(0.943/0.943) stf:16 slot#3 dur:1/4}
2023-07-21 20:53:20,961 INFO [ActorPreludeSample#4]        MeasureRhythm.java:985  | Measure{#8P18} No timeOffset for HeadChordInter#24449{(0.964/0.964) stf:19 slot#6 dur:1/16}
2023-07-21 20:53:20,962 INFO [ActorPreludeSample#4]   AbstractChordInter.java:632  | Measure{#8P18} No timeOffset for HeadChordInter#24452{(0.970/0.970) stf:19 slot#9 dur:1/16}
2023-07-21 20:53:20,965 INFO [ActorPreludeSample#4]        MeasureRhythm.java:985  | Measure{#8P19} No timeOffset for HeadChordInter#24521{(0.967/0.967) stf:20 slot#6 dur:1/16}
2023-07-21 20:53:20,966 INFO [ActorPreludeSample#4]   AbstractChordInter.java:632  | Measure{#8P19} No timeOffset for HeadChordInter#24524{(0.920/0.920) stf:20 slot#9 dur:1/16}
2023-07-21 20:53:20,968 INFO [ActorPreludeSample#4]        MeasureRhythm.java:985  | Measure{#8P20} No timeOffset for RestChordInter#31554{(0.787/0.787) stf:21 slot#9 dur:1/4}
2023-07-21 20:53:20,978 INFO [ActorPreludeSample#4]        MeasureRhythm.java:985  | Measure{#8P21} No timeOffset for RestChordInter#31555{(0.797/0.797) stf:22 slot#9 dur:1/4}
2023-07-21 20:53:20,983 INFO [ActorPreludeSample#4]        MeasureRhythm.java:985  | Measure{#8P22} No timeOffset for HeadChordInter#24661{(0.961/0.961) stf:23 slot#6 dur:1/16}
2023-07-21 20:53:20,984 INFO [ActorPreludeSample#4]   AbstractChordInter.java:632  | Measure{#8P22} No timeOffset for HeadChordInter#24664{(0.958/0.958) stf:23 slot#9 dur:1/16}
2023-07-21 20:53:20,989 INFO [ActorPreludeSample#4]       StepMonitoring.java:98   | PAGE
2023-07-21 20:53:20,993 INFO [ActorPreludeSample#4]                Voice.java:256  | Measure{#4P16} Voice{#1 excess:1/4} too long
2023-07-21 20:53:20,995 INFO [ActorPreludeSample#4]                Voice.java:256  | Measure{#5P16} Voice{#1 excess:1/4} too long
2023-07-21 20:53:20,997 INFO [ActorPreludeSample#4]                Voice.java:256  | Measure{#6P7} Voice{#1 excess:1/4} too long
2023-07-21 20:53:20,997 INFO [ActorPreludeSample#4]                Voice.java:256  | Measure{#6P8} Voice{#1 excess:1/4} too long
2023-07-21 20:53:20,998 INFO [ActorPreludeSample#4]                Voice.java:256  | Measure{#6P9} Voice{#1 excess:1/4} too long
2023-07-21 20:53:20,999 INFO [ActorPreludeSample#4]                Voice.java:256  | Measure{#6P10} Voice{#1 excess:1/4} too long
2023-07-21 20:53:21,000 INFO [ActorPreludeSample#4]                Voice.java:256  | Measure{#6P11} Voice{#1 excess:1/4} too long
2023-07-21 20:53:21,001 INFO [ActorPreludeSample#4]                Voice.java:256  | Measure{#6P12} Voice{#1 excess:1/4} too long
2023-07-21 20:53:21,002 INFO [ActorPreludeSample#4]                Voice.java:256  | Measure{#6P13} Voice{#1 excess:1/4} too long
2023-07-21 20:53:21,003 INFO [ActorPreludeSample#4]                Voice.java:256  | Measure{#6P15} Voice{#1 excess:1/4} too long
2023-07-21 20:53:21,004 INFO [ActorPreludeSample#4]                Voice.java:256  | Measure{#8P7} Voice{#1 excess:1/2} too long
2023-07-21 20:53:21,005 INFO [ActorPreludeSample#4]                Voice.java:256  | Measure{#8P8} Voice{#1 excess:1/4} too long
2023-07-21 20:53:21,006 INFO [ActorPreludeSample#4]                Voice.java:256  | Measure{#8P9} Voice{#1 excess:1/2} too long
2023-07-21 20:53:21,008 INFO [ActorPreludeSample#4]                Voice.java:256  | Measure{#8P10} Voice{#1 excess:1/2} too long
2023-07-21 20:53:21,010 INFO [ActorPreludeSample#4]                Voice.java:256  | Measure{#8P11} Voice{#1 excess:1/4} too long
2023-07-21 20:53:21,016 INFO [ActorPreludeSample#4]                Voice.java:256  | Measure{#8P12} Voice{#1 excess:1/2} too long
2023-07-21 20:53:21,017 INFO [ActorPreludeSample#4]                Voice.java:256  | Measure{#8P13} Voice{#1 excess:1/2} too long
2023-07-21 20:53:21,019 INFO [ActorPreludeSample#4]                 Book.java:2535 | Book{ActorPreludeSample} storing
2023-07-21 20:53:21,284 INFO [ActorPreludeSample#4]                 Book.java:2515 | Stored /book.xml
2023-07-21 20:53:21,471 INFO [ActorPreludeSample#4]           DataHolder.java:348  | Stored /sheet#4/BINARY.png
2023-07-21 20:53:24,038 INFO [ActorPreludeSample#4]                Sheet.java:1529 | Stored /sheet#4/sheet#4.xml
2023-07-21 20:53:24,040 INFO [ActorPreludeSample#4]                 Book.java:2476 | Book stored as /data/output/ActorPreludeSample.omr
2023-07-21 20:53:24,320 INFO [ActorPreludeSample#4]            SheetStub.java:1605 | Disposed sheet#4
2023-07-21 20:53:24,383 INFO [ActorPreludeSample#4]                 Book.java:2035 | End of Stub#4 memory: 30,361,784
2023-07-21 20:53:25,627 INFO [ActorPreludeSample]            SheetStub.java:1044 | Loaded /sheet#1/sheet#1.xml
2023-07-21 20:53:27,077 INFO [ActorPreludeSample]            SheetStub.java:1044 | Loaded /sheet#2/sheet#2.xml
2023-07-21 20:53:27,919 INFO [ActorPreludeSample]            SheetStub.java:1044 | Loaded /sheet#3/sheet#3.xml
2023-07-21 20:53:29,262 INFO [ActorPreludeSample]            SheetStub.java:1044 | Loaded /sheet#4/sheet#4.xml
2023-07-21 20:53:29,573 INFO [ActorPreludeSample]      PartwiseBuilder.java:2645 | Exporting sheet(s): [#1#2#3#4]
2023-07-21 20:53:29,600 INFO [ActorPreludeSample]                 Part.java:353  | Sheet#2 System#1 Part#9{ staves[1] configs:[5]} dummyPart id: 1
2023-07-21 20:53:29,612 INFO [ActorPreludeSample]                 Part.java:353  | Sheet#2 System#2 Part#9{ staves[14] configs:[5]} dummyPart id: 1
2023-07-21 20:53:29,615 INFO [ActorPreludeSample]                 Part.java:353  | Sheet#2 System#1 Part#9{ staves[1] configs:[5]} dummyPart id: 2
2023-07-21 20:53:29,619 INFO [ActorPreludeSample]                 Part.java:353  | Sheet#2 System#2 Part#9{ staves[14] configs:[5]} dummyPart id: 2
2023-07-21 20:53:29,621 INFO [ActorPreludeSample]                 Part.java:353  | Sheet#2 System#1 Part#9{ staves[1] configs:[5]} dummyPart id: 3
2023-07-21 20:53:29,623 INFO [ActorPreludeSample]                 Part.java:353  | Sheet#2 System#2 Part#9{ staves[14] configs:[5]} dummyPart id: 3
2023-07-21 20:53:29,625 INFO [ActorPreludeSample]                 Part.java:353  | Sheet#2 System#1 Part#9{ staves[1] configs:[5]} dummyPart id: 4
2023-07-21 20:53:29,626 INFO [ActorPreludeSample]                 Part.java:353  | Sheet#2 System#2 Part#9{ staves[14] configs:[5]} dummyPart id: 4
2023-07-21 20:53:29,627 INFO [ActorPreludeSample]                 Part.java:353  | Sheet#2 System#1 Part#9{ staves[1] configs:[5]} dummyPart id: 5
2023-07-21 20:53:29,629 INFO [ActorPreludeSample]                 Part.java:353  | Sheet#2 System#2 Part#9{ staves[14] configs:[5]} dummyPart id: 5
2023-07-21 20:53:29,630 INFO [ActorPreludeSample]                 Part.java:353  | Sheet#2 System#1 Part#9{ staves[1] configs:[5]} dummyPart id: 6
2023-07-21 20:53:29,632 INFO [ActorPreludeSample]                 Part.java:353  | Sheet#2 System#2 Part#9{ staves[14] configs:[5]} dummyPart id: 6
2023-07-21 20:53:29,633 INFO [ActorPreludeSample]                 Part.java:353  | Sheet#2 System#1 Part#9{ staves[1] configs:[5]} dummyPart id: 7
2023-07-21 20:53:29,635 INFO [ActorPreludeSample]                 Part.java:353  | Sheet#2 System#2 Part#9{ staves[14] configs:[5]} dummyPart id: 7
2023-07-21 20:53:29,636 INFO [ActorPreludeSample]                 Part.java:353  | Sheet#2 System#1 Part#9{ staves[1] configs:[5]} dummyPart id: 8
2023-07-21 20:53:29,638 INFO [ActorPreludeSample]                 Part.java:353  | Sheet#2 System#2 Part#9{ staves[14] configs:[5]} dummyPart id: 8
2023-07-21 20:53:29,666 INFO [ActorPreludeSample]                 Part.java:353  | Sheet#2 System#1 Part#9{ staves[1] configs:[5]} dummyPart id: 17
2023-07-21 20:53:29,668 INFO [ActorPreludeSample]                 Part.java:353  | Sheet#2 System#2 Part#9{ staves[14] configs:[5]} dummyPart id: 17
2023-07-21 20:53:29,886 INFO [ActorPreludeSample]        ScoreExporter.java:164  | Score ActorPreludeSample exported to /data/output/ActorPreludeSample.mxl
2023-07-21 20:53:29,959 INFO [ActorPreludeSample]                 Book.java:2515 | Stored /book.xml
2023-07-21 20:53:30,768 INFO [ActorPreludeSample]                Sheet.java:1529 | Stored /sheet#3/sheet#3.xml
2023-07-21 20:53:32,759 INFO [ActorPreludeSample]                Sheet.java:1529 | Stored /sheet#4/sheet#4.xml
2023-07-21 20:53:32,760 INFO [ActorPreludeSample]                 Book.java:2476 | Book stored as /data/output/ActorPreludeSample.omr
2023-07-21 20:53:33,038 INFO [ActorPreludeSample]                Score.java:187  | Closing {Score 1}
