2023-07-21 20:53:33,121 INFO [BeetAnGeSample]                 Book.java:601  | 1 sheet in examples/BeetAnGeSample.pdf
2023-07-21 20:53:33,212 INFO []                 Book.java:2515 | Stored /book.xml
2023-07-21 20:53:33,213 INFO []                 Book.java:2476 | Book stored as /data/output/BeetAnGeSample.omr
2023-07-21 20:53:33,222 INFO []                 Book.java:1963 | Book reaching PAGE on sheets:[#1]
2023-07-21 20:53:33,223 INFO [BeetAnGeSample]       StepMonitoring.java:98   | LOAD
2023-07-21 20:53:33,425 INFO [BeetAnGeSample]                 Book.java:1845 | Loaded image 1 2549x3299 from examples/BeetAnGeSample.pdf
2023-07-21 20:53:33,426 INFO [BeetAnGeSample]       StepMonitoring.java:98   | BINARY
2023-07-21 20:53:34,034 INFO [BeetAnGeSample]       StepMonitoring.java:98   | SCALE
2023-07-21 20:53:34,036 INFO [BeetAnGeSample]         ScaleBuilder.java:234  | Beam  guessed height: 10 -- 0.50 of 19 interline
2023-07-21 20:53:34,037 INFO [BeetAnGeSample]         ScaleBuilder.java:257  | Beam measured height:  9 -- 0.29 of [5..19] range at 249% of needed quorum
2023-07-21 20:53:34,038 INFO [BeetAnGeSample]            ScaleStep.java:65   | Scale{ interline(18,19,19) line(1,2,3) beam(9)}
2023-07-21 20:53:34,039 INFO [BeetAnGeSample]       StepMonitoring.java:98   | GRID
2023-07-21 20:53:34,178 INFO [BeetAnGeSample]       LinesRetriever.java:1490 | Global slope: 0.00000
2023-07-21 20:53:34,186 INFO [BeetAnGeSample]    ClustersRetriever.java:334  | Retrieved line clusters: 9 of sizes [5] with interline(18,19,19)
2023-07-21 20:53:34,324 INFO [BeetAnGeSample]            PeakGraph.java:310  | Systems: #1[1, 2, 3] #2[4, 5, 6] #3[7, 8, 9]
2023-07-21 20:53:34,792 INFO [BeetAnGeSample]        SystemManager.java:149  | Indentation detected for system#1
2023-07-21 20:53:34,794 INFO [BeetAnGeSample]        SystemManager.java:736  | 2 parts along 3 systems
2023-07-21 20:53:34,795 INFO [BeetAnGeSample]                 Book.java:584  | Created scores: [{Score 1}]
2023-07-21 20:53:34,797 INFO [BeetAnGeSample]       StepMonitoring.java:98   | HEADERS
2023-07-21 20:53:35,099 INFO [BeetAnGeSample]       StepMonitoring.java:98   | STEM_SEEDS
2023-07-21 20:53:35,190 INFO [BeetAnGeSample]            ImageUtil.java:204  | Discarding alpha band ...
2023-07-21 20:53:35,350 INFO [BeetAnGeSample]            ImageUtil.java:122  | Converting max RGB to gray
2023-07-21 20:53:35,467 INFO [BeetAnGeSample]        StemSeedsStep.java:86   | stem(2 max:2)
2023-07-21 20:53:35,475 INFO [BeetAnGeSample]       StepMonitoring.java:98   | BEAMS
2023-07-21 20:53:37,856 INFO [BeetAnGeSample]       StepMonitoring.java:98   | LEDGERS
2023-07-21 20:53:38,508 INFO [BeetAnGeSample]       StepMonitoring.java:98   | HEADS
2023-07-21 20:53:42,099 INFO [BeetAnGeSample]        HeadSeedTally.java:235  | Scale information: HeadSeeds{NOTEHEAD_VOID[L:-0.4,R:-0.2] NOTEHEAD_BLACK[L:-0.3,R:-0.1]}
2023-07-21 20:53:42,102 INFO [BeetAnGeSample]       StepMonitoring.java:98   | STEMS
2023-07-21 20:53:43,102 INFO [BeetAnGeSample]       StepMonitoring.java:98   | REDUCTION
2023-07-21 20:53:43,165 INFO [BeetAnGeSample]        ReductionStep.java:93   | Stems free length median value: 66 pixels, 3.5 interlines
2023-07-21 20:53:43,166 INFO [BeetAnGeSample]       StepMonitoring.java:98   | CUE_BEAMS
2023-07-21 20:53:43,167 INFO [BeetAnGeSample]         CueBeamsStep.java:81   | Step CUE_BEAMS is skipped because small heads switch is off
2023-07-21 20:53:43,168 INFO [BeetAnGeSample]       StepMonitoring.java:98   | TEXTS
2023-07-21 20:53:43,169 WARN [BeetAnGeSample]            TextsStep.java:97   | TEXTS step: No OCR is available!
2023-07-21 20:53:43,172 INFO [BeetAnGeSample]       StepMonitoring.java:98   | MEASURES
2023-07-21 20:53:43,174 INFO [BeetAnGeSample]                 Page.java:308  | 15 raw measures: [4 in system#1, 6 in system#2, 5 in system#3]
2023-07-21 20:53:43,175 INFO [BeetAnGeSample]       StepMonitoring.java:98   | CHORDS
2023-07-21 20:53:43,180 INFO [BeetAnGeSample]       StepMonitoring.java:98   | CURVES
2023-07-21 20:53:43,993 INFO [BeetAnGeSample]         SlursBuilder.java:240  | Slurs: 23
2023-07-21 20:53:44,000 INFO [BeetAnGeSample]      SegmentsBuilder.java:155  | Segments: 22
2023-07-21 20:53:44,001 INFO [BeetAnGeSample]       StepMonitoring.java:98   | SYMBOLS
2023-07-21 20:53:45,435 INFO [BeetAnGeSample]       StepMonitoring.java:98   | LINKS
2023-07-21 20:53:45,437 INFO [BeetAnGeSample]        SymbolsLinker.java:424  | No chord above PedalInter#6185{(0.784) PEDAL_UP_MARK}
2023-07-21 20:53:45,439 INFO [BeetAnGeSample]        SymbolsLinker.java:424  | No chord above PedalInter#6187{(0.800) PEDAL_UP_MARK}
2023-07-21 20:53:45,459 INFO [BeetAnGeSample]        SymbolsLinker.java:289  | No chord linked to OctaveShiftInter#6664{(0.315) stf:7 OTTAVA BASSA}
2023-07-21 20:53:45,471 INFO [BeetAnGeSample]       StepMonitoring.java:98   | RHYTHMS
2023-07-21 20:53:45,491 INFO [BeetAnGeSample]       StepMonitoring.java:98   | PAGE
2023-07-21 20:53:45,493 INFO [BeetAnGeSample]                 Book.java:2535 | Book{BeetAnGeSample} storing
2023-07-21 20:53:45,611 INFO [BeetAnGeSample]                 Book.java:2515 | Stored /book.xml
2023-07-21 20:53:45,681 INFO [BeetAnGeSample]           DataHolder.java:348  | Stored /sheet#1/BINARY.png
2023-07-21 20:53:46,254 INFO [BeetAnGeSample]                Sheet.java:1529 | Stored /sheet#1/sheet#1.xml
2023-07-21 20:53:46,258 INFO [BeetAnGeSample]                 Book.java:2476 | Book stored as /data/output/BeetAnGeSample.omr
2023-07-21 20:53:46,275 INFO [BeetAnGeSample]            SheetStub.java:1605 | Disposed sheet
2023-07-21 20:53:46,394 INFO [BeetAnGeSample]                 Book.java:2035 | End of Stub#1 memory: 182,496,984
2023-07-21 20:53:46,822 INFO [BeetAnGeSample]            SheetStub.java:1044 | Loaded /sheet#1/sheet#1.xml
2023-07-21 20:53:46,827 INFO [BeetAnGeSample]      PartwiseBuilder.java:2645 | Exporting sheet(s): [#1]
2023-07-21 20:53:46,852 INFO [BeetAnGeSample]        ScoreExporter.java:164  | Score BeetAnGeSample exported to /data/output/BeetAnGeSample.mxl
2023-07-21 20:53:46,958 INFO [BeetAnGeSample]                Score.java:187  | Closing {Score 1}
