2023-07-21 20:53:47,033 INFO [BrahWiMeSample]                 Book.java:601  | 1 sheet in examples/BrahWiMeSample.pdf
2023-07-21 20:53:47,111 INFO []                 Book.java:2515 | Stored /book.xml
2023-07-21 20:53:47,112 INFO []                 Book.java:2476 | Book stored as /data/output/BrahWiMeSample.omr
2023-07-21 20:53:47,122 INFO []                 Book.java:1963 | Book reaching PAGE on sheets:[#1]
2023-07-21 20:53:47,123 INFO [BrahWiMeSample]       StepMonitoring.java:98   | LOAD
2023-07-21 20:53:47,292 INFO [BrahWiMeSample]                 Book.java:1845 | Loaded image 1 2549x3299 from examples/BrahWiMeSample.pdf
2023-07-21 20:53:47,294 INFO [BrahWiMeSample]       StepMonitoring.java:98   | BINARY
2023-07-21 20:53:47,883 INFO [BrahWiMeSample]       StepMonitoring.java:98   | SCALE
2023-07-21 20:53:47,891 INFO [BrahWiMeSample]         ScaleBuilder.java:234  | Beam  guessed height: 10 -- 0.50 of 19 interline
2023-07-21 20:53:47,892 INFO [BrahWiMeSample]         ScaleBuilder.java:257  | Beam measured height:  9 -- 0.29 of [5..19] range at 245% of needed quorum
2023-07-21 20:53:47,893 INFO [BrahWiMeSample]            ScaleStep.java:65   | Scale{ interline(18,19,19) line(2,2,4) beam(9)}
2023-07-21 20:53:47,894 INFO [BrahWiMeSample]       StepMonitoring.java:98   | GRID
2023-07-21 20:53:48,007 INFO [BrahWiMeSample]       LinesRetriever.java:1490 | Global slope: 0.00000
2023-07-21 20:53:48,014 INFO [BrahWiMeSample]    ClustersRetriever.java:334  | Retrieved line clusters: 9 of sizes [5] with interline(18,19,19)
2023-07-21 20:53:48,130 INFO [BrahWiMeSample]            PeakGraph.java:310  | Systems: #1[1, 2, 3] #2[4, 5, 6] #3[7, 8, 9]
2023-07-21 20:53:48,464 INFO [BrahWiMeSample]        SystemManager.java:149  | Indentation detected for system#1
2023-07-21 20:53:48,465 INFO [BrahWiMeSample]        SystemManager.java:736  | 2 parts along 3 systems
2023-07-21 20:53:48,466 INFO [BrahWiMeSample]                 Book.java:584  | Created scores: [{Score 1}]
2023-07-21 20:53:48,467 INFO [BrahWiMeSample]       StepMonitoring.java:98   | HEADERS
2023-07-21 20:53:48,771 INFO [BrahWiMeSample]       StepMonitoring.java:98   | STEM_SEEDS
2023-07-21 20:53:48,845 INFO [BrahWiMeSample]            ImageUtil.java:204  | Discarding alpha band ...
2023-07-21 20:53:49,010 INFO [BrahWiMeSample]            ImageUtil.java:122  | Converting max RGB to gray
2023-07-21 20:53:49,135 INFO [BrahWiMeSample]        StemSeedsStep.java:86   | stem(2 max:2)
2023-07-21 20:53:49,142 INFO [BrahWiMeSample]       StepMonitoring.java:98   | BEAMS
2023-07-21 20:53:51,632 INFO [BrahWiMeSample]       StepMonitoring.java:98   | LEDGERS
2023-07-21 20:53:52,133 INFO [BrahWiMeSample]       StepMonitoring.java:98   | HEADS
2023-07-21 20:53:55,589 INFO [BrahWiMeSample]        HeadSeedTally.java:235  | Scale information: HeadSeeds{NOTEHEAD_VOID[R:-0.1] NOTEHEAD_BLACK[L:-0.3,R:0.1]}
2023-07-21 20:53:55,590 INFO [BrahWiMeSample]       StepMonitoring.java:98   | STEMS
2023-07-21 20:53:56,140 INFO [BrahWiMeSample]       StepMonitoring.java:98   | REDUCTION
2023-07-21 20:53:56,167 INFO [BrahWiMeSample]        ReductionStep.java:93   | Stems free length median value: 66 pixels, 3.5 interlines
2023-07-21 20:53:56,168 INFO [BrahWiMeSample]       StepMonitoring.java:98   | CUE_BEAMS
2023-07-21 20:53:56,169 INFO [BrahWiMeSample]         CueBeamsStep.java:81   | Step CUE_BEAMS is skipped because small heads switch is off
2023-07-21 20:53:56,170 INFO [BrahWiMeSample]       StepMonitoring.java:98   | TEXTS
2023-07-21 20:53:56,171 WARN [BrahWiMeSample]            TextsStep.java:97   | TEXTS step: No OCR is available!
2023-07-21 20:53:56,173 INFO [BrahWiMeSample]       StepMonitoring.java:98   | MEASURES
2023-07-21 20:53:56,175 INFO [BrahWiMeSample]                 Page.java:308  | 13 raw measures: [4 in system#1, 4 in system#2, 5 in system#3]
2023-07-21 20:53:56,176 INFO [BrahWiMeSample]       StepMonitoring.java:98   | CHORDS
2023-07-21 20:53:56,180 INFO [BrahWiMeSample]       StepMonitoring.java:98   | CURVES
2023-07-21 20:53:56,858 INFO [BrahWiMeSample]         SlursBuilder.java:240  | Slurs: 28
2023-07-21 20:53:56,863 INFO [BrahWiMeSample]      SegmentsBuilder.java:155  | Segments: 17
2023-07-21 20:53:56,864 INFO [BrahWiMeSample]       StepMonitoring.java:98   | SYMBOLS
2023-07-21 20:53:58,137 INFO [BrahWiMeSample]       StepMonitoring.java:98   | LINKS
2023-07-21 20:53:58,140 INFO [BrahWiMeSample]        SymbolsLinker.java:289  | No chord linked to OctaveShiftInter#5352{(0.480) stf:1 OTTAVA BASSA}
2023-07-21 20:53:58,161 INFO [BrahWiMeSample]       StepMonitoring.java:98   | RHYTHMS
2023-07-21 20:53:58,165 INFO [BrahWiMeSample]        MeasureRhythm.java:985  | Measure{#3P2} No timeOffset for HeadChordInter#3702{(0.974/0.974) stf:3 slot#5 dur:1/8}
2023-07-21 20:53:58,167 INFO [BrahWiMeSample]        MeasureRhythm.java:985  | Measure{#4P2} No timeOffset for HeadChordInter#3708{(0.975/0.975) stf:3 slot#5 dur:1/8}
2023-07-21 20:53:58,177 INFO [BrahWiMeSample]       StepMonitoring.java:98   | PAGE
2023-07-21 20:53:58,179 INFO [BrahWiMeSample]                 Book.java:2535 | Book{BrahWiMeSample} storing
2023-07-21 20:53:58,307 INFO [BrahWiMeSample]                 Book.java:2515 | Stored /book.xml
2023-07-21 20:53:58,377 INFO [BrahWiMeSample]           DataHolder.java:348  | Stored /sheet#1/BINARY.png
2023-07-21 20:53:58,896 INFO [BrahWiMeSample]                Sheet.java:1529 | Stored /sheet#1/sheet#1.xml
2023-07-21 20:53:58,897 INFO [BrahWiMeSample]                 Book.java:2476 | Book stored as /data/output/BrahWiMeSample.omr
2023-07-21 20:53:58,916 INFO [BrahWiMeSample]            SheetStub.java:1605 | Disposed sheet
2023-07-21 20:53:59,041 INFO [BrahWiMeSample]                 Book.java:2035 | End of Stub#1 memory: 202,257,408
2023-07-21 20:53:59,378 INFO [BrahWiMeSample]            SheetStub.java:1044 | Loaded /sheet#1/sheet#1.xml
2023-07-21 20:53:59,382 INFO [BrahWiMeSample]      PartwiseBuilder.java:2645 | Exporting sheet(s): [#1]
2023-07-21 20:53:59,394 INFO [BrahWiMeSample]        ScoreExporter.java:164  | Score BrahWiMeSample exported to /data/output/BrahWiMeSample.mxl
2023-07-21 20:53:59,500 INFO [BrahWiMeSample]                Score.java:187  | Closing {Score 1}
