2023-07-21 20:54:27,401 INFO [DebuMandSample]                 Book.java:601  | 1 sheet in examples/DebuMandSample.pdf
2023-07-21 20:54:27,485 INFO []                 Book.java:2515 | Stored /book.xml
2023-07-21 20:54:27,486 INFO []                 Book.java:2476 | Book stored as /data/output/DebuMandSample.omr
2023-07-21 20:54:27,498 INFO []                 Book.java:1963 | Book reaching PAGE on sheets:[#1]
2023-07-21 20:54:27,499 INFO [DebuMandSample]       StepMonitoring.java:98   | LOAD
2023-07-21 20:54:27,701 INFO [DebuMandSample]                 Book.java:1845 | Loaded image 1 2549x3299 from examples/DebuMandSample.pdf
2023-07-21 20:54:27,703 INFO [DebuMandSample]       StepMonitoring.java:98   | BINARY
2023-07-21 20:54:28,227 INFO [DebuMandSample]       StepMonitoring.java:98   | SCALE
2023-07-21 20:54:28,230 INFO [DebuMandSample]         ScaleBuilder.java:234  | Beam  guessed height: 10 -- 0.50 of 19 interline
2023-07-21 20:54:28,231 INFO [DebuMandSample]         ScaleBuilder.java:257  | Beam measured height:  9 -- 0.29 of [5..19] range at 353% of needed quorum
2023-07-21 20:54:28,233 INFO [DebuMandSample]            ScaleStep.java:65   | Scale{ interline(18,19,19) line(1,2,3) beam(9)}
2023-07-21 20:54:28,234 INFO [DebuMandSample]       StepMonitoring.java:98   | GRID
2023-07-21 20:54:28,349 INFO [DebuMandSample]       LinesRetriever.java:1490 | Global slope: 0.00000
2023-07-21 20:54:28,356 INFO [DebuMandSample]    ClustersRetriever.java:334  | Retrieved line clusters: 9 of sizes [5] with interline(18,19,19)
2023-07-21 20:54:28,449 INFO [DebuMandSample]            PeakGraph.java:310  | Systems: #1[1, 2, 3] #2[4, 5, 6] #3[7, 8, 9]
2023-07-21 20:54:28,732 INFO [DebuMandSample]        SystemManager.java:149  | Indentation detected for system#1
2023-07-21 20:54:28,734 INFO [DebuMandSample]        SystemManager.java:736  | 2 parts along 3 systems
2023-07-21 20:54:28,735 INFO [DebuMandSample]                 Book.java:584  | Created scores: [{Score 1}]
2023-07-21 20:54:28,736 INFO [DebuMandSample]       StepMonitoring.java:98   | HEADERS
2023-07-21 20:54:28,889 INFO [DebuMandSample]       StepMonitoring.java:98   | STEM_SEEDS
2023-07-21 20:54:28,969 INFO [DebuMandSample]            ImageUtil.java:204  | Discarding alpha band ...
2023-07-21 20:54:29,185 INFO [DebuMandSample]            ImageUtil.java:122  | Converting max RGB to gray
2023-07-21 20:54:29,367 INFO [DebuMandSample]        StemSeedsStep.java:86   | stem(2 max:3)
2023-07-21 20:54:29,377 INFO [DebuMandSample]       StepMonitoring.java:98   | BEAMS
2023-07-21 20:54:31,688 INFO [DebuMandSample]       StepMonitoring.java:98   | LEDGERS
2023-07-21 20:54:32,003 INFO [DebuMandSample]       StepMonitoring.java:98   | HEADS
2023-07-21 20:54:35,594 INFO [DebuMandSample]        HeadSeedTally.java:235  | Scale information: HeadSeeds{NOTEHEAD_VOID[L:-0.3,R:-0.5] NOTEHEAD_BLACK[L:-0.4,R:-0.5]}
2023-07-21 20:54:35,597 INFO [DebuMandSample]       StepMonitoring.java:98   | STEMS
2023-07-21 20:54:36,487 INFO [DebuMandSample]       StepMonitoring.java:98   | REDUCTION
2023-07-21 20:54:36,552 INFO [DebuMandSample]        ReductionStep.java:93   | Stems free length median value: 66 pixels, 3.5 interlines
2023-07-21 20:54:36,553 INFO [DebuMandSample]       StepMonitoring.java:98   | CUE_BEAMS
2023-07-21 20:54:36,554 INFO [DebuMandSample]         CueBeamsStep.java:81   | Step CUE_BEAMS is skipped because small heads switch is off
2023-07-21 20:54:36,555 INFO [DebuMandSample]       StepMonitoring.java:98   | TEXTS
2023-07-21 20:54:36,556 WARN [DebuMandSample]            TextsStep.java:97   | TEXTS step: No OCR is available!
2023-07-21 20:54:36,557 INFO [DebuMandSample]       StepMonitoring.java:98   | MEASURES
2023-07-21 20:54:36,558 INFO [DebuMandSample]                 Page.java:308  | 12 raw measures: [4 in system#1, 4 in system#2, 4 in system#3]
2023-07-21 20:54:36,559 INFO [DebuMandSample]       StepMonitoring.java:98   | CHORDS
2023-07-21 20:54:36,563 INFO [DebuMandSample]       StepMonitoring.java:98   | CURVES
2023-07-21 20:54:37,087 INFO [DebuMandSample]         SlursBuilder.java:240  | Slurs: 11
2023-07-21 20:54:37,097 INFO [DebuMandSample]      SegmentsBuilder.java:155  | Segments: 29
2023-07-21 20:54:37,100 INFO [DebuMandSample]       StepMonitoring.java:98   | SYMBOLS
2023-07-21 20:54:38,218 INFO [DebuMandSample]       StepMonitoring.java:98   | LINKS
2023-07-21 20:54:38,248 INFO [DebuMandSample]       StepMonitoring.java:98   | RHYTHMS
2023-07-21 20:54:38,251 INFO [DebuMandSample]        MeasureRhythm.java:985  | Measure{#2P2} No timeOffset for HeadChordInter#4572{(0.977/0.983) stf:2 slot#4 dur:1/8}
2023-07-21 20:54:38,252 INFO [DebuMandSample]        MeasureRhythm.java:985  | Measure{#3P2} No timeOffset for HeadChordInter#4575{(0.978/0.984) stf:2 slot#4 dur:1/8}
2023-07-21 20:54:38,254 INFO [DebuMandSample]        MeasureRhythm.java:985  | Measure{#4P2} No timeOffset for HeadChordInter#4578{(0.978/0.983) stf:2 slot#4 dur:1/8}
2023-07-21 20:54:38,256 INFO [DebuMandSample]        MeasureRhythm.java:985  | Measure{#5P2} No timeOffset for HeadChordInter#4608{(0.977/0.983) stf:5 slot#4 dur:1/8}
2023-07-21 20:54:38,263 INFO [DebuMandSample]        MeasureRhythm.java:985  | Measure{#11P2} No timeOffset for HeadChordInter#4652{(0.964/0.964) stf:8 slot#6 dur:1/8}
2023-07-21 20:54:38,265 INFO [DebuMandSample]                Voice.java:256  | Measure{#11P2} Voice{#5 excess:1/4} too long
2023-07-21 20:54:38,267 INFO [DebuMandSample]       StepMonitoring.java:98   | PAGE
2023-07-21 20:54:38,269 INFO [DebuMandSample]                Voice.java:256  | Measure{#11P2} Voice{#5 excess:1/4} too long
2023-07-21 20:54:38,270 INFO [DebuMandSample]                 Book.java:2535 | Book{DebuMandSample} storing
2023-07-21 20:54:38,399 INFO [DebuMandSample]                 Book.java:2515 | Stored /book.xml
2023-07-21 20:54:38,470 INFO [DebuMandSample]           DataHolder.java:348  | Stored /sheet#1/BINARY.png
2023-07-21 20:54:39,008 INFO [DebuMandSample]                Sheet.java:1529 | Stored /sheet#1/sheet#1.xml
2023-07-21 20:54:39,009 INFO [DebuMandSample]                 Book.java:2476 | Book stored as /data/output/DebuMandSample.omr
2023-07-21 20:54:39,027 INFO [DebuMandSample]            SheetStub.java:1605 | Disposed sheet
2023-07-21 20:54:39,138 INFO [DebuMandSample]                 Book.java:2035 | End of Stub#1 memory: 239,193,720
2023-07-21 20:54:39,459 INFO [DebuMandSample]            SheetStub.java:1044 | Loaded /sheet#1/sheet#1.xml
2023-07-21 20:54:39,464 INFO [DebuMandSample]      PartwiseBuilder.java:2645 | Exporting sheet(s): [#1]
2023-07-21 20:54:39,479 INFO [DebuMandSample]        ScoreExporter.java:164  | Score DebuMandSample exported to /data/output/DebuMandSample.mxl
2023-07-21 20:54:39,597 INFO [DebuMandSample]                Score.java:187  | Closing {Score 1}
