2023-07-21 20:55:08,336 INFO [FaurReveSample]                 Book.java:601  | 1 sheet in examples/FaurReveSample.pdf
2023-07-21 20:55:08,522 INFO []                 Book.java:2515 | Stored /book.xml
2023-07-21 20:55:08,523 INFO []                 Book.java:2476 | Book stored as /data/output/FaurReveSample.omr
2023-07-21 20:55:08,532 INFO []                 Book.java:1963 | Book reaching PAGE on sheets:[#1]
2023-07-21 20:55:08,534 INFO [FaurReveSample]       StepMonitoring.java:98   | LOAD
2023-07-21 20:55:08,771 INFO [FaurReveSample]                 Book.java:1845 | Loaded image 1 2549x3299 from examples/FaurReveSample.pdf
2023-07-21 20:55:08,774 INFO [FaurReveSample]       StepMonitoring.java:98   | BINARY
2023-07-21 20:55:09,309 INFO [FaurReveSample]       StepMonitoring.java:98   | SCALE
2023-07-21 20:55:09,311 INFO [FaurReveSample]         ScaleBuilder.java:234  | Beam  guessed height: 10 -- 0.50 of 19 interline
2023-07-21 20:55:09,312 INFO [FaurReveSample]         ScaleBuilder.java:257  | Beam measured height: 10 -- 0.36 of [5..19] range at 586% of needed quorum
2023-07-21 20:55:09,313 INFO [FaurReveSample]            ScaleStep.java:65   | Scale{ interline(18,19,19) line(1,2,2) beam(10)}
2023-07-21 20:55:09,315 INFO [FaurReveSample]       StepMonitoring.java:98   | GRID
2023-07-21 20:55:09,477 INFO [FaurReveSample]       LinesRetriever.java:1490 | Global slope: 0.00000
2023-07-21 20:55:09,485 INFO [FaurReveSample]    ClustersRetriever.java:334  | Retrieved line clusters: 12 of sizes [5] with interline(18,19,19)
2023-07-21 20:55:09,539 INFO [FaurReveSample]            PeakGraph.java:310  | Systems: #1[1, 2, 3] #2[4, 5, 6] #3[7, 8, 9] #4[10, 11, 12]
2023-07-21 20:55:09,707 INFO [FaurReveSample]        SystemManager.java:149  | Indentation detected for system#1
2023-07-21 20:55:09,708 INFO [FaurReveSample]        SystemManager.java:736  | 2 parts along 4 systems
2023-07-21 20:55:09,709 INFO [FaurReveSample]                 Book.java:584  | Created scores: [{Score 1}]
2023-07-21 20:55:09,710 INFO [FaurReveSample]       StepMonitoring.java:98   | HEADERS
2023-07-21 20:55:09,910 INFO [FaurReveSample]       StepMonitoring.java:98   | STEM_SEEDS
2023-07-21 20:55:09,988 INFO [FaurReveSample]            ImageUtil.java:204  | Discarding alpha band ...
2023-07-21 20:55:10,243 WARN [FaurReveSample]            SheetStub.java:1374 | Error in performing [LOAD, BINARY, SCALE, GRID, HEADERS, STEM_SEEDS, BEAMS, LEDGERS, HEADS, STEMS, REDUCTION, CUE_BEAMS, TEXTS, MEASURES, CHORDS, CURVES, SYMBOLS, LINKS, RHYTHMS, PAGE] java.util.concurrent.ExecutionException: java.lang.OutOfMemoryError: Java heap space
java.util.concurrent.ExecutionException: java.lang.OutOfMemoryError: Java heap space
	at java.base/java.util.concurrent.FutureTask.report(FutureTask.java:122)
	at java.base/java.util.concurrent.FutureTask.get(FutureTask.java:205)
	at org.audiveris.omr.sheet.SheetStub.doOneStep(SheetStub.java:570)
	at org.audiveris.omr.sheet.SheetStub.reachStep(SheetStub.java:1358)
	at org.audiveris.omr.sheet.Book.reachBookStep(Book.java:2023)
	at org.audiveris.omr.sheet.Book.transcribe(Book.java:2577)
	at org.audiveris.omr.sheet.Book.export(Book.java:634)
	at org.audiveris.omr.CLI$ProcessingTask.processBook(CLI.java:887)
	at org.audiveris.omr.CLI$CliTask.call(CLI.java:490)
	at org.audiveris.omr.Main.runBatchTasks(Main.java:363)
	at org.audiveris.omr.Main.main(Main.java:252)
	at Audiveris.main(Audiveris.java:50)
Caused by: java.lang.OutOfMemoryError: Java heap space
	at java.desktop/java.awt.image.DataBufferInt.<init>(DataBufferInt.java:75)
	at java.desktop/java.awt.image.Raster.createPackedRaster(Raster.java:539)
	at java.desktop/java.awt.image.DirectColorModel.createCompatibleWritableRaster(DirectColorModel.java:1032)
	at java.desktop/java.awt.image.BufferedImage.<init>(BufferedImage.java:324)
	at org.audiveris.omr.image.ImageUtil.rgbaToRgb(ImageUtil.java:212)
	at org.audiveris.omr.image.ImageUtil.maxRgbaToGray(ImageUtil.java:107)
	at org.audiveris.omr.sheet.Picture.adjustImageFormat(Picture.java:1106)
	at org.audiveris.omr.sheet.stem.StemScaler.getBuffer(StemScaler.java:215)
	at org.audiveris.omr.sheet.stem.StemScaler.retrieveStemWidth(StemScaler.java:247)
	at org.audiveris.omr.sheet.stem.StemSeedsStep.doProlog(StemSeedsStep.java:84)
	at org.audiveris.omr.sheet.stem.StemSeedsStep.doProlog(StemSeedsStep.java:41)
	at org.audiveris.omr.step.AbstractSystemStep.doit(AbstractSystemStep.java:122)
	at org.audiveris.omr.step.OmrStep.doit(OmrStep.java:138)
	at org.audiveris.omr.sheet.SheetStub.lambda$doOneStep$2(SheetStub.java:555)
	at org.audiveris.omr.sheet.SheetStub$$Lambda$94/0x00000008011a2660.call(Unknown Source)
	at java.base/java.util.concurrent.FutureTask.run(FutureTask.java:264)
	at java.base/java.util.concurrent.ThreadPoolExecutor.runWorker(ThreadPoolExecutor.java:1136)
	at java.base/java.util.concurrent.ThreadPoolExecutor$Worker.run(ThreadPoolExecutor.java:635)
	at java.base/java.lang.Thread.run(Thread.java:833)
2023-07-21 20:55:10,245 INFO [FaurReveSample]                 Book.java:2535 | Book{FaurReveSample} storing
2023-07-21 20:55:10,335 INFO [FaurReveSample]                 Book.java:2515 | Stored /book.xml
2023-07-21 20:55:10,404 INFO [FaurReveSample]           DataHolder.java:348  | Stored /sheet#1/BINARY.png
2023-07-21 20:55:10,461 INFO [FaurReveSample]                Sheet.java:1529 | Stored /sheet#1/sheet#1.xml
2023-07-21 20:55:10,462 INFO [FaurReveSample]                 Book.java:2476 | Book stored as /data/output/FaurReveSample.omr
2023-07-21 20:55:10,477 INFO [FaurReveSample]            SheetStub.java:1605 | Disposed sheet
2023-07-21 20:55:10,618 INFO [FaurReveSample]                 Book.java:2035 | End of Stub#1 memory: 312,543,568
2023-07-21 20:55:10,620 INFO [FaurReveSample]                Score.java:885  | PartCollation needed in {Score 1}
2023-07-21 20:55:10,861 INFO [FaurReveSample]            SheetStub.java:1044 | Loaded /sheet#1/sheet#1.xml
2023-07-21 20:55:10,862 INFO [FaurReveSample]                 Book.java:2090 | Scores built: 1
2023-07-21 20:55:10,865 INFO [FaurReveSample]      PartwiseBuilder.java:2645 | Exporting sheet(s): [#1]
2023-07-21 20:55:10,869 INFO [FaurReveSample]        ScoreExporter.java:164  | Score FaurReveSample exported to /data/output/FaurReveSample.mxl
2023-07-21 20:55:10,984 INFO [FaurReveSample]                 Book.java:2515 | Stored /book.xml
2023-07-21 20:55:10,985 INFO [FaurReveSample]                 Book.java:2476 | Book stored as /data/output/FaurReveSample.omr
2023-07-21 20:55:11,010 INFO [FaurReveSample]                Score.java:187  | Closing {Score 1}
