2023-07-21 20:55:11,099 INFO [HeartofMyHeart]                 Book.java:601  | 1 sheet in examples/HeartofMyHeart.pdf
2023-07-21 20:55:11,195 INFO []                 Book.java:2515 | Stored /book.xml
2023-07-21 20:55:11,196 INFO []                 Book.java:2476 | Book stored as /data/output/HeartofMyHeart.omr
2023-07-21 20:55:11,204 INFO []                 Book.java:1963 | Book reaching PAGE on sheets:[#1]
2023-07-21 20:55:11,205 INFO [HeartofMyHeart]       StepMonitoring.java:98   | LOAD
2023-07-21 20:55:11,268 INFO [HeartofMyHeart]                 Book.java:1845 | Loaded image 1 2549x3299 from examples/HeartofMyHeart.pdf
2023-07-21 20:55:11,270 INFO [HeartofMyHeart]       StepMonitoring.java:98   | BINARY
2023-07-21 20:55:11,767 INFO [HeartofMyHeart]       StepMonitoring.java:98   | SCALE
2023-07-21 20:55:11,770 INFO [HeartofMyHeart]         ScaleBuilder.java:234  | Beam  guessed height: 10 -- 0.50 of 21 interline
2023-07-21 20:55:11,771 INFO [HeartofMyHeart]         ScaleBuilder.java:257  | Beam measured height:  7 -- 0.07 of [6..21] range at 251% of needed quorum
2023-07-21 20:55:11,772 INFO [HeartofMyHeart]            ScaleStep.java:65   | Scale{ interline(21,21,22) line(2,3,4) beam(7)}
2023-07-21 20:55:11,773 INFO [HeartofMyHeart]       StepMonitoring.java:98   | GRID
2023-07-21 20:55:11,932 INFO [HeartofMyHeart]       LinesRetriever.java:1490 | Global slope: 0.00000
2023-07-21 20:55:11,940 INFO [HeartofMyHeart]    ClustersRetriever.java:850  | Pairing clusters CC127 & CC108
2023-07-21 20:55:11,942 INFO [HeartofMyHeart]    ClustersRetriever.java:850  | Pairing clusters CC397 & CC389
2023-07-21 20:55:11,944 INFO [HeartofMyHeart]    ClustersRetriever.java:334  | Retrieved line clusters: 8 of sizes [5] with interline(21,21,22)
2023-07-21 20:55:12,108 INFO [HeartofMyHeart]            PeakGraph.java:310  | Systems: #1[1, 2] #2[3, 4] #3[5, 6] #4[7, 8]
2023-07-21 20:55:12,120 INFO [HeartofMyHeart]        BarsRetriever.java:1586 | Staff#1 serif normalized weight too small 0.05 vs 0.2
2023-07-21 20:55:12,123 INFO [HeartofMyHeart]        BarsRetriever.java:1586 | Staff#2 serif normalized weight too small 0.06 vs 0.2
2023-07-21 20:55:12,126 INFO [HeartofMyHeart]        BarsRetriever.java:1586 | Staff#3 serif normalized weight too small 0.06 vs 0.2
2023-07-21 20:55:12,129 INFO [HeartofMyHeart]        BarsRetriever.java:1586 | Staff#4 serif normalized weight too small 0.06 vs 0.2
2023-07-21 20:55:12,132 INFO [HeartofMyHeart]        BarsRetriever.java:1586 | Staff#5 serif normalized weight too small 0.06 vs 0.2
2023-07-21 20:55:12,135 INFO [HeartofMyHeart]        BarsRetriever.java:1586 | Staff#6 serif normalized weight too small 0.04 vs 0.2
2023-07-21 20:55:12,138 INFO [HeartofMyHeart]        BarsRetriever.java:1586 | Staff#7 serif normalized weight too small 0.05 vs 0.2
2023-07-21 20:55:12,141 INFO [HeartofMyHeart]        BarsRetriever.java:1586 | Staff#8 serif normalized weight too small 0.06 vs 0.2
2023-07-21 20:55:12,674 INFO [HeartofMyHeart]        SystemManager.java:149  | Indentation detected for system#1
2023-07-21 20:55:12,676 INFO [HeartofMyHeart]        SystemManager.java:736  | 2 parts along 4 systems
2023-07-21 20:55:12,678 INFO [HeartofMyHeart]                 Book.java:584  | Created scores: [{Score 1}]
2023-07-21 20:55:12,679 INFO [HeartofMyHeart]       StepMonitoring.java:98   | HEADERS
2023-07-21 20:55:13,028 INFO [HeartofMyHeart]       StepMonitoring.java:98   | STEM_SEEDS
2023-07-21 20:55:13,100 INFO [HeartofMyHeart]            ImageUtil.java:204  | Discarding alpha band ...
2023-07-21 20:55:13,379 WARN [HeartofMyHeart]            SheetStub.java:1374 | Error in performing [LOAD, BINARY, SCALE, GRID, HEADERS, STEM_SEEDS, BEAMS, LEDGERS, HEADS, STEMS, REDUCTION, CUE_BEAMS, TEXTS, MEASURES, CHORDS, CURVES, SYMBOLS, LINKS, RHYTHMS, PAGE] java.util.concurrent.ExecutionException: java.lang.OutOfMemoryError: Java heap space
java.util.concurrent.ExecutionException: java.lang.OutOfMemoryError: Java heap space
	at java.base/java.util.concurrent.FutureTask.report(FutureTask.java:122)
	at java.base/java.util.concurrent.FutureTask.get(FutureTask.java:205)
	at org.audiveris.omr.sheet.SheetStub.doOneStep(SheetStub.java:570)
	at org.audiveris.omr.sheet.SheetStub.reachStep(SheetStub.java:1358)
	at org.audiveris.omr.sheet.Book.reachBookStep(Book.java:2023)
	at org.audiveris.omr.sheet.Book.transcribe(Book.java:2577)
	at org.audiveris.omr.sheet.Book.export(Book.java:634)
	at org.audiveris.omr.CLI$ProcessingTask.processBook(CLI.java:887)
	at org.audiveris.omr.CLI$CliTask.call(CLI.java:490)
	at org.audiveris.omr.Main.runBatchTasks(Main.java:363)
	at org.audiveris.omr.Main.main(Main.java:252)
	at Audiveris.main(Audiveris.java:50)
Caused by: java.lang.OutOfMemoryError: Java heap space
2023-07-21 20:55:13,382 INFO [HeartofMyHeart]                 Book.java:2535 | Book{HeartofMyHeart} storing
2023-07-21 20:55:13,507 INFO [HeartofMyHeart]                 Book.java:2515 | Stored /book.xml
2023-07-21 20:55:13,577 INFO [HeartofMyHeart]           DataHolder.java:348  | Stored /sheet#1/BINARY.png
2023-07-21 20:55:13,655 INFO [HeartofMyHeart]                Sheet.java:1529 | Stored /sheet#1/sheet#1.xml
2023-07-21 20:55:13,656 INFO [HeartofMyHeart]                 Book.java:2476 | Book stored as /data/output/HeartofMyHeart.omr
2023-07-21 20:55:13,755 INFO [HeartofMyHeart]            SheetStub.java:1605 | Disposed sheet
2023-07-21 20:55:13,908 INFO [HeartofMyHeart]                 Book.java:2035 | End of Stub#1 memory: 328,471,224
2023-07-21 20:55:13,909 INFO [HeartofMyHeart]                Score.java:885  | PartCollation needed in {Score 1}
2023-07-21 20:55:14,280 INFO [HeartofMyHeart]            SheetStub.java:1044 | Loaded /sheet#1/sheet#1.xml
2023-07-21 20:55:14,281 INFO [HeartofMyHeart]                 Book.java:2090 | Scores built: 1
2023-07-21 20:55:14,284 INFO [HeartofMyHeart]      PartwiseBuilder.java:2645 | Exporting sheet(s): [#1]
2023-07-21 20:55:14,288 INFO [HeartofMyHeart]        ScoreExporter.java:164  | Score HeartofMyHeart exported to /data/output/HeartofMyHeart.mxl
2023-07-21 20:55:14,400 INFO [HeartofMyHeart]                 Book.java:2515 | Stored /book.xml
2023-07-21 20:55:14,401 INFO [HeartofMyHeart]                 Book.java:2476 | Book stored as /data/output/HeartofMyHeart.omr
2023-07-21 20:55:14,426 INFO [HeartofMyHeart]                Score.java:187  | Closing {Score 1}
