2023-07-20 22:07:32,175 INFO [MahlFaGe4Sample]                 Book.java:601  | 1 sheet in examples/MahlFaGe4Sample.pdf
2023-07-20 22:07:32,389 INFO []                 Book.java:2515 | Stored /book.xml
2023-07-20 22:07:32,390 INFO []                 Book.java:2476 | Book stored as /data/output/MahlFaGe4Sample.omr
2023-07-20 22:07:32,414 INFO []                 Book.java:1963 | Book reaching PAGE on sheets:[#1]
2023-07-20 22:07:32,417 INFO [MahlFaGe4Sample]       StepMonitoring.java:98   | LOAD
2023-07-20 22:07:32,930 INFO [MahlFaGe4Sample]                 Book.java:1845 | Loaded image 1 2549x3299 from examples/MahlFaGe4Sample.pdf
2023-07-20 22:07:32,938 INFO [MahlFaGe4Sample]       StepMonitoring.java:98   | BINARY
2023-07-20 22:07:33,558 INFO [MahlFaGe4Sample]       StepMonitoring.java:98   | SCALE
2023-07-20 22:07:33,585 INFO [MahlFaGe4Sample]         ScaleBuilder.java:234  | Beam  guessed height: 10 -- 0.50 of 19 interline
2023-07-20 22:07:33,589 INFO [MahlFaGe4Sample]         ScaleBuilder.java:257  | Beam measured height: 10 -- 0.36 of [5..19] range at 305% of needed quorum
2023-07-20 22:07:33,591 INFO [MahlFaGe4Sample]            ScaleStep.java:65   | Scale{ interline(18,19,19) line(1,2,4) beam(10)}
2023-07-20 22:07:33,593 INFO [MahlFaGe4Sample]       StepMonitoring.java:98   | GRID
2023-07-20 22:07:34,070 INFO [MahlFaGe4Sample]       LinesRetriever.java:1490 | Global slope: -0.00030
2023-07-20 22:07:34,118 INFO [MahlFaGe4Sample]    ClustersRetriever.java:334  | Retrieved line clusters: 9 of sizes [5] with interline(18,19,19)
2023-07-20 22:07:34,356 INFO [MahlFaGe4Sample]            PeakGraph.java:310  | Systems: #1[1, 2, 3] #2[4, 5, 6] #3[7, 8, 9]
2023-07-20 22:07:34,882 INFO [MahlFaGe4Sample]        SystemManager.java:149  | Indentation detected for system#1
2023-07-20 22:07:34,885 INFO [MahlFaGe4Sample]        SystemManager.java:736  | 2 parts along 3 systems
2023-07-20 22:07:34,889 INFO [MahlFaGe4Sample]                 Book.java:584  | Created scores: [{Score 1}]
2023-07-20 22:07:34,892 INFO [MahlFaGe4Sample]       StepMonitoring.java:98   | HEADERS
2023-07-20 22:07:35,100 INFO [MahlFaGe4Sample]      BasicClassifier.java:277  | Classifier loaded XML norms.
2023-07-20 22:07:35,109 INFO [MahlFaGe4Sample]   AbstractClassifier.java:396  | Classifier data loaded from default uri jar:file:/audiveris/Audiveris-5.3.1/lib/audiveris.jar!/res/basic-classifier.zip
2023-07-20 22:07:35,689 INFO [MahlFaGe4Sample]       StepMonitoring.java:98   | STEM_SEEDS
2023-07-20 22:07:35,802 INFO [MahlFaGe4Sample]            ImageUtil.java:204  | Discarding alpha band ...
2023-07-20 22:07:35,980 INFO [MahlFaGe4Sample]            ImageUtil.java:122  | Converting max RGB to gray
2023-07-20 22:07:36,163 INFO [MahlFaGe4Sample]        StemSeedsStep.java:86   | stem(2 max:2)
2023-07-20 22:07:36,223 INFO [MahlFaGe4Sample]       StepMonitoring.java:98   | BEAMS
2023-07-20 22:07:39,131 INFO [MahlFaGe4Sample]       StepMonitoring.java:98   | LEDGERS
2023-07-20 22:07:39,599 INFO [MahlFaGe4Sample]       StepMonitoring.java:98   | HEADS
2023-07-20 22:07:43,197 INFO [MahlFaGe4Sample]        HeadSeedTally.java:235  | Scale information: HeadSeeds{NOTEHEAD_VOID[L:-0.1,R:-0.4] NOTEHEAD_BLACK[L:-0.5,R:-0.4]}
2023-07-20 22:07:43,199 INFO [MahlFaGe4Sample]       StepMonitoring.java:98   | STEMS
2023-07-20 22:07:44,797 INFO [MahlFaGe4Sample]       StepMonitoring.java:98   | REDUCTION
2023-07-20 22:07:45,037 INFO [MahlFaGe4Sample]        ReductionStep.java:93   | Stems free length median value: 65 pixels, 3.4 interlines
2023-07-20 22:07:45,039 INFO [MahlFaGe4Sample]       StepMonitoring.java:98   | CUE_BEAMS
2023-07-20 22:07:45,041 INFO [MahlFaGe4Sample]         CueBeamsStep.java:81   | Step CUE_BEAMS is skipped because small heads switch is off
2023-07-20 22:07:45,043 INFO [MahlFaGe4Sample]       StepMonitoring.java:98   | TEXTS
2023-07-20 22:07:45,045 WARN [MahlFaGe4Sample]            TextsStep.java:97   | TEXTS step: No OCR is available!
2023-07-20 22:07:45,054 INFO [MahlFaGe4Sample]       StepMonitoring.java:98   | MEASURES
2023-07-20 22:07:45,066 INFO [MahlFaGe4Sample]                 Page.java:308  | 13 raw measures: [4 in system#1, 5 in system#2, 4 in system#3]
2023-07-20 22:07:45,070 INFO [MahlFaGe4Sample]       StepMonitoring.java:98   | CHORDS
2023-07-20 22:07:45,096 INFO [MahlFaGe4Sample]       StepMonitoring.java:98   | CURVES
2023-07-20 22:07:46,365 INFO [MahlFaGe4Sample]         SlursBuilder.java:240  | Slurs: 33
2023-07-20 22:07:46,403 INFO [MahlFaGe4Sample]      SegmentsBuilder.java:155  | Segments: 41
2023-07-20 22:07:46,413 INFO [MahlFaGe4Sample]       StepMonitoring.java:98   | SYMBOLS
2023-07-20 22:07:48,170 INFO [MahlFaGe4Sample]       StepMonitoring.java:98   | LINKS
2023-07-20 22:07:48,243 INFO [MahlFaGe4Sample]       StepMonitoring.java:98   | RHYTHMS
2023-07-20 22:07:48,306 INFO [MahlFaGe4Sample]        MeasureRhythm.java:985  | Measure{#12P1} No timeOffset for HeadChordInter#5843{(0.950/0.950) stf:7 slot#7 dur:1/8}
2023-07-20 22:07:48,310 INFO [MahlFaGe4Sample]        MeasureRhythm.java:985  | Measure{#12P2} No timeOffset for HeadChordInter#5858{(0.950/0.950) stf:8 slot#6 dur:1/8}
2023-07-20 22:07:48,312 INFO [MahlFaGe4Sample]        MeasureRhythm.java:985  | Measure{#12P2} No timeOffset for HeadChordInter#5857{(0.918/0.918) stf:8 slot#6 dur:1/4}
2023-07-20 22:07:48,313 INFO [MahlFaGe4Sample]        MeasureRhythm.java:985  | Measure{#12P2} No timeOffset for RestChordInter#8506{(0.800/0.800) stf:9 slot#6 dur:1/4}
2023-07-20 22:07:48,316 INFO [MahlFaGe4Sample]       StepMonitoring.java:98   | PAGE
2023-07-20 22:07:48,323 INFO [MahlFaGe4Sample]                 Book.java:2535 | Book{MahlFaGe4Sample} storing
2023-07-20 22:07:48,406 INFO [MahlFaGe4Sample]                 Book.java:2515 | Stored /book.xml
2023-07-20 22:07:48,540 INFO [MahlFaGe4Sample]           DataHolder.java:348  | Stored /sheet#1/BINARY.png
2023-07-20 22:07:49,439 INFO [MahlFaGe4Sample]                Sheet.java:1529 | Stored /sheet#1/sheet#1.xml
2023-07-20 22:07:49,442 INFO [MahlFaGe4Sample]                 Book.java:2476 | Book stored as /data/output/MahlFaGe4Sample.omr
2023-07-20 22:07:49,461 INFO [MahlFaGe4Sample]            SheetStub.java:1605 | Disposed sheet
2023-07-20 22:07:49,508 INFO [MahlFaGe4Sample]                 Book.java:2035 | End of Stub#1 memory: 30,200,992
2023-07-20 22:07:50,285 INFO [MahlFaGe4Sample]            SheetStub.java:1044 | Loaded /sheet#1/sheet#1.xml
2023-07-20 22:07:50,574 INFO [MahlFaGe4Sample]      PartwiseBuilder.java:2645 | Exporting sheet(s): [#1]
2023-07-20 22:07:50,666 INFO [MahlFaGe4Sample]        ScoreExporter.java:164  | Score MahlFaGe4Sample exported to /data/output/MahlFaGe4Sample.mxl
2023-07-20 22:07:50,701 INFO [MahlFaGe4Sample]                Score.java:187  | Closing {Score 1}
