2023-07-21 20:55:14,520 INFO [MahlFaGe4Sample]                 Book.java:601  | 1 sheet in examples/MahlFaGe4Sample.pdf
2023-07-21 20:55:14,611 INFO []                 Book.java:2515 | Stored /book.xml
2023-07-21 20:55:14,612 INFO []                 Book.java:2476 | Book stored as /data/output/MahlFaGe4Sample.omr
2023-07-21 20:55:14,620 INFO []                 Book.java:1963 | Book reaching PAGE on sheets:[#1]
2023-07-21 20:55:14,621 INFO [MahlFaGe4Sample]       StepMonitoring.java:98   | LOAD
2023-07-21 20:55:14,839 INFO [MahlFaGe4Sample]                 Book.java:1845 | Loaded image 1 2549x3299 from examples/MahlFaGe4Sample.pdf
2023-07-21 20:55:14,842 INFO [MahlFaGe4Sample]       StepMonitoring.java:98   | BINARY
2023-07-21 20:55:15,375 INFO [MahlFaGe4Sample]       StepMonitoring.java:98   | SCALE
2023-07-21 20:55:15,378 INFO [MahlFaGe4Sample]         ScaleBuilder.java:234  | Beam  guessed height: 10 -- 0.50 of 19 interline
2023-07-21 20:55:15,379 INFO [MahlFaGe4Sample]         ScaleBuilder.java:257  | Beam measured height: 10 -- 0.36 of [5..19] range at 305% of needed quorum
2023-07-21 20:55:15,380 INFO [MahlFaGe4Sample]            ScaleStep.java:65   | Scale{ interline(18,19,19) line(1,2,4) beam(10)}
2023-07-21 20:55:15,381 INFO [MahlFaGe4Sample]       StepMonitoring.java:98   | GRID
2023-07-21 20:55:15,533 INFO [MahlFaGe4Sample]       LinesRetriever.java:1490 | Global slope: -0.00030
2023-07-21 20:55:15,540 INFO [MahlFaGe4Sample]    ClustersRetriever.java:334  | Retrieved line clusters: 9 of sizes [5] with interline(18,19,19)
2023-07-21 20:55:15,696 INFO [MahlFaGe4Sample]            PeakGraph.java:310  | Systems: #1[1, 2, 3] #2[4, 5, 6] #3[7, 8, 9]
2023-07-21 20:55:16,160 INFO [MahlFaGe4Sample]        SystemManager.java:149  | Indentation detected for system#1
2023-07-21 20:55:16,161 INFO [MahlFaGe4Sample]        SystemManager.java:736  | 2 parts along 3 systems
2023-07-21 20:55:16,163 INFO [MahlFaGe4Sample]                 Book.java:584  | Created scores: [{Score 1}]
2023-07-21 20:55:16,164 INFO [MahlFaGe4Sample]       StepMonitoring.java:98   | HEADERS
2023-07-21 20:55:16,382 INFO [MahlFaGe4Sample]       StepMonitoring.java:98   | STEM_SEEDS
2023-07-21 20:55:16,469 INFO [MahlFaGe4Sample]            ImageUtil.java:204  | Discarding alpha band ...
2023-07-21 20:55:17,002 WARN [MahlFaGe4Sample]            SheetStub.java:1374 | Error in performing [LOAD, BINARY, SCALE, GRID, HEADERS, STEM_SEEDS, BEAMS, LEDGERS, HEADS, STEMS, REDUCTION, CUE_BEAMS, TEXTS, MEASURES, CHORDS, CURVES, SYMBOLS, LINKS, RHYTHMS, PAGE] java.util.concurrent.ExecutionException: java.lang.OutOfMemoryError: Java heap space
java.util.concurrent.ExecutionException: java.lang.OutOfMemoryError: Java heap space
	at java.base/java.util.concurrent.FutureTask.report(FutureTask.java:122)
	at java.base/java.util.concurrent.FutureTask.get(FutureTask.java:205)
	at org.audiveris.omr.sheet.SheetStub.doOneStep(SheetStub.java:570)
	at org.audiveris.omr.sheet.SheetStub.reachStep(SheetStub.java:1358)
	at org.audiveris.omr.sheet.Book.reachBookStep(Book.java:2023)
	at org.audiveris.omr.sheet.Book.transcribe(Book.java:2577)
	at org.audiveris.omr.sheet.Book.export(Book.java:634)
	at org.audiveris.omr.CLI$ProcessingTask.processBook(CLI.java:887)
	at org.audiveris.omr.CLI$CliTask.call(CLI.java:490)
	at org.audiveris.omr.Main.runBatchTasks(Main.java:363)
	at org.audiveris.omr.Main.main(Main.java:252)
	at Audiveris.main(Audiveris.java:50)
Caused by: java.lang.OutOfMemoryError: Java heap space
2023-07-21 20:55:17,004 INFO [MahlFaGe4Sample]                 Book.java:2535 | Book{MahlFaGe4Sample} storing
2023-07-21 20:55:17,126 INFO [MahlFaGe4Sample]                 Book.java:2515 | Stored /book.xml
2023-07-21 20:55:17,197 INFO [MahlFaGe4Sample]           DataHolder.java:348  | Stored /sheet#1/BINARY.png
2023-07-21 20:55:17,251 INFO [MahlFaGe4Sample]                Sheet.java:1529 | Stored /sheet#1/sheet#1.xml
2023-07-21 20:55:17,253 INFO [MahlFaGe4Sample]                 Book.java:2476 | Book stored as /data/output/MahlFaGe4Sample.omr
2023-07-21 20:55:17,268 INFO [MahlFaGe4Sample]            SheetStub.java:1605 | Disposed sheet
2023-07-21 20:55:17,415 INFO [MahlFaGe4Sample]                 Book.java:2035 | End of Stub#1 memory: 346,150,368
2023-07-21 20:55:17,416 INFO [MahlFaGe4Sample]                Score.java:885  | PartCollation needed in {Score 1}
2023-07-21 20:55:17,775 INFO [MahlFaGe4Sample]            SheetStub.java:1044 | Loaded /sheet#1/sheet#1.xml
2023-07-21 20:55:17,776 INFO [MahlFaGe4Sample]                 Book.java:2090 | Scores built: 1
2023-07-21 20:55:17,782 INFO [MahlFaGe4Sample]      PartwiseBuilder.java:2645 | Exporting sheet(s): [#1]
2023-07-21 20:55:17,786 INFO [MahlFaGe4Sample]        ScoreExporter.java:164  | Score MahlFaGe4Sample exported to /data/output/MahlFaGe4Sample.mxl
2023-07-21 20:55:17,909 INFO [MahlFaGe4Sample]                 Book.java:2515 | Stored /book.xml
2023-07-21 20:55:17,910 INFO [MahlFaGe4Sample]                 Book.java:2476 | Book stored as /data/output/MahlFaGe4Sample.omr
2023-07-21 20:55:17,938 INFO [MahlFaGe4Sample]                Score.java:187  | Closing {Score 1}
