2023-07-21 20:55:18,061 INFO [MozaChloSample]                 Book.java:601  | 1 sheet in examples/MozaChloSample.pdf
2023-07-21 20:55:18,153 INFO []                 Book.java:2515 | Stored /book.xml
2023-07-21 20:55:18,154 INFO []                 Book.java:2476 | Book stored as /data/output/MozaChloSample.omr
2023-07-21 20:55:18,163 INFO []                 Book.java:1963 | Book reaching PAGE on sheets:[#1]
2023-07-21 20:55:18,164 INFO [MozaChloSample]       StepMonitoring.java:98   | LOAD
2023-07-21 20:55:18,359 INFO [MozaChloSample]                 Book.java:1845 | Loaded image 1 2549x3299 from examples/MozaChloSample.pdf
2023-07-21 20:55:18,361 INFO [MozaChloSample]       StepMonitoring.java:98   | BINARY
2023-07-21 20:55:18,875 INFO [MozaChloSample]       StepMonitoring.java:98   | SCALE
2023-07-21 20:55:18,878 INFO [MozaChloSample]         ScaleBuilder.java:234  | Beam  guessed height: 10 -- 0.50 of 19 interline
2023-07-21 20:55:18,879 INFO [MozaChloSample]         ScaleBuilder.java:257  | Beam measured height:  9 -- 0.29 of [5..19] range at 385% of needed quorum
2023-07-21 20:55:18,880 INFO [MozaChloSample]            ScaleStep.java:65   | Scale{ interline(18,19,19) line(2,2,4) beam(9)}
2023-07-21 20:55:18,881 INFO [MozaChloSample]       StepMonitoring.java:98   | GRID
2023-07-21 20:55:19,021 INFO [MozaChloSample]       LinesRetriever.java:1490 | Global slope: 0.00000
2023-07-21 20:55:19,030 INFO [MozaChloSample]    ClustersRetriever.java:334  | Retrieved line clusters: 11 of sizes [5] with interline(18,19,19)
2023-07-21 20:55:19,135 INFO [MozaChloSample]            PeakGraph.java:310  | Systems: #1[1, 2] #2[3, 4, 5] #3[6, 7, 8] #4[9, 10, 11]
2023-07-21 20:55:19,466 INFO [MozaChloSample]        SystemManager.java:149  | Indentation detected for system#1
2023-07-21 20:55:19,474 INFO [MozaChloSample]        SystemManager.java:736  | 2 parts along 4 systems
2023-07-21 20:55:19,476 INFO [MozaChloSample]                 Book.java:584  | Created scores: [{Score 1}]
2023-07-21 20:55:19,477 INFO [MozaChloSample]       StepMonitoring.java:98   | HEADERS
2023-07-21 20:55:19,762 INFO [MozaChloSample]       StepMonitoring.java:98   | STEM_SEEDS
2023-07-21 20:55:20,046 WARN [MozaChloSample]            SheetStub.java:1374 | Error in performing [LOAD, BINARY, SCALE, GRID, HEADERS, STEM_SEEDS, BEAMS, LEDGERS, HEADS, STEMS, REDUCTION, CUE_BEAMS, TEXTS, MEASURES, CHORDS, CURVES, SYMBOLS, LINKS, RHYTHMS, PAGE] java.util.concurrent.ExecutionException: java.lang.OutOfMemoryError: Java heap space
java.util.concurrent.ExecutionException: java.lang.OutOfMemoryError: Java heap space
	at java.base/java.util.concurrent.FutureTask.report(FutureTask.java:122)
	at java.base/java.util.concurrent.FutureTask.get(FutureTask.java:205)
	at org.audiveris.omr.sheet.SheetStub.doOneStep(SheetStub.java:570)
	at org.audiveris.omr.sheet.SheetStub.reachStep(SheetStub.java:1358)
	at org.audiveris.omr.sheet.Book.reachBookStep(Book.java:2023)
	at org.audiveris.omr.sheet.Book.transcribe(Book.java:2577)
	at org.audiveris.omr.sheet.Book.export(Book.java:634)
	at org.audiveris.omr.CLI$ProcessingTask.processBook(CLI.java:887)
	at org.audiveris.omr.CLI$CliTask.call(CLI.java:490)
	at org.audiveris.omr.Main.runBatchTasks(Main.java:363)
	at org.audiveris.omr.Main.main(Main.java:252)
	at Audiveris.main(Audiveris.java:50)
Caused by: java.lang.OutOfMemoryError: Java heap space
2023-07-21 20:55:20,049 INFO [MozaChloSample]                 Book.java:2535 | Book{MozaChloSample} storing
2023-07-21 20:55:20,133 INFO [MozaChloSample]                 Book.java:2515 | Stored /book.xml
2023-07-21 20:55:20,201 INFO [MozaChloSample]           DataHolder.java:348  | Stored /sheet#1/BINARY.png
2023-07-21 20:55:20,282 INFO [MozaChloSample]                Sheet.java:1529 | Stored /sheet#1/sheet#1.xml
2023-07-21 20:55:20,284 INFO [MozaChloSample]                 Book.java:2476 | Book stored as /data/output/MozaChloSample.omr
2023-07-21 20:55:20,297 INFO [MozaChloSample]            SheetStub.java:1605 | Disposed sheet
2023-07-21 20:55:20,451 INFO [MozaChloSample]                 Book.java:2035 | End of Stub#1 memory: 363,906,240
2023-07-21 20:55:20,452 INFO [MozaChloSample]                Score.java:885  | PartCollation needed in {Score 1}
2023-07-21 20:55:20,717 INFO [MozaChloSample]            SheetStub.java:1044 | Loaded /sheet#1/sheet#1.xml
2023-07-21 20:55:20,718 INFO [MozaChloSample]                 Book.java:2090 | Scores built: 1
2023-07-21 20:55:20,722 INFO [MozaChloSample]      PartwiseBuilder.java:2645 | Exporting sheet(s): [#1]
2023-07-21 20:55:20,723 INFO [MozaChloSample]                 Part.java:353  | Sheet#1 System#1 Part#2{ staves[1,2] configs:[5,5]} dummyPart id: 1
2023-07-21 20:55:20,726 INFO [MozaChloSample]        ScoreExporter.java:164  | Score MozaChloSample exported to /data/output/MozaChloSample.mxl
2023-07-21 20:55:20,845 INFO [MozaChloSample]                 Book.java:2515 | Stored /book.xml
2023-07-21 20:55:20,925 INFO [MozaChloSample]                Sheet.java:1529 | Stored /sheet#1/sheet#1.xml
2023-07-21 20:55:20,927 INFO [MozaChloSample]                 Book.java:2476 | Book stored as /data/output/MozaChloSample.omr
2023-07-21 20:55:20,956 INFO [MozaChloSample]                Score.java:187  | Closing {Score 1}
