2023-07-21 20:55:21,034 INFO [MozaVeilSample]                 Book.java:601  | 1 sheet in examples/MozaVeilSample.pdf
2023-07-21 20:55:21,142 INFO []                 Book.java:2515 | Stored /book.xml
2023-07-21 20:55:21,143 INFO []                 Book.java:2476 | Book stored as /data/output/MozaVeilSample.omr
2023-07-21 20:55:21,153 INFO []                 Book.java:1963 | Book reaching PAGE on sheets:[#1]
2023-07-21 20:55:21,154 INFO [MozaVeilSample]       StepMonitoring.java:98   | LOAD
2023-07-21 20:55:21,373 INFO [MozaVeilSample]                 Book.java:1845 | Loaded image 1 2549x3299 from examples/MozaVeilSample.pdf
2023-07-21 20:55:21,375 INFO [MozaVeilSample]       StepMonitoring.java:98   | BINARY
2023-07-21 20:55:21,941 INFO [MozaVeilSample]       StepMonitoring.java:98   | SCALE
2023-07-21 20:55:21,944 INFO [MozaVeilSample]         ScaleBuilder.java:234  | Beam  guessed height: 10 -- 0.50 of 19 interline
2023-07-21 20:55:21,946 INFO [MozaVeilSample]         ScaleBuilder.java:257  | Beam measured height:  9 -- 0.29 of [5..19] range at 509% of needed quorum
2023-07-21 20:55:21,947 INFO [MozaVeilSample]            ScaleStep.java:65   | Scale{ interline(18,19,19) line(2,2,3) beam(9)}
2023-07-21 20:55:21,948 INFO [MozaVeilSample]       StepMonitoring.java:98   | GRID
2023-07-21 20:55:22,128 INFO [MozaVeilSample]       LinesRetriever.java:1490 | Global slope: 0.00000
2023-07-21 20:55:22,141 INFO [MozaVeilSample]    ClustersRetriever.java:334  | Retrieved line clusters: 11 of sizes [5] with interline(18,19,19)
2023-07-21 20:55:22,280 INFO [MozaVeilSample]            PeakGraph.java:310  | Systems: #1[1, 2] #2[3, 4, 5] #3[6, 7, 8] #4[9, 10, 11]
2023-07-21 20:55:22,673 INFO [MozaVeilSample]        SystemManager.java:149  | Indentation detected for system#1
2023-07-21 20:55:22,674 INFO [MozaVeilSample]        SystemManager.java:736  | 2 parts along 4 systems
2023-07-21 20:55:22,675 INFO [MozaVeilSample]                 Book.java:584  | Created scores: [{Score 1}]
2023-07-21 20:55:22,676 INFO [MozaVeilSample]       StepMonitoring.java:98   | HEADERS
2023-07-21 20:55:22,870 INFO [MozaVeilSample]       StepMonitoring.java:98   | STEM_SEEDS
2023-07-21 20:55:23,181 WARN [MozaVeilSample]            SheetStub.java:1374 | Error in performing [LOAD, BINARY, SCALE, GRID, HEADERS, STEM_SEEDS, BEAMS, LEDGERS, HEADS, STEMS, REDUCTION, CUE_BEAMS, TEXTS, MEASURES, CHORDS, CURVES, SYMBOLS, LINKS, RHYTHMS, PAGE] java.util.concurrent.ExecutionException: java.lang.OutOfMemoryError: Java heap space
java.util.concurrent.ExecutionException: java.lang.OutOfMemoryError: Java heap space
	at java.base/java.util.concurrent.FutureTask.report(FutureTask.java:122)
	at java.base/java.util.concurrent.FutureTask.get(FutureTask.java:205)
	at org.audiveris.omr.sheet.SheetStub.doOneStep(SheetStub.java:570)
	at org.audiveris.omr.sheet.SheetStub.reachStep(SheetStub.java:1358)
	at org.audiveris.omr.sheet.Book.reachBookStep(Book.java:2023)
	at org.audiveris.omr.sheet.Book.transcribe(Book.java:2577)
	at org.audiveris.omr.sheet.Book.export(Book.java:634)
	at org.audiveris.omr.CLI$ProcessingTask.processBook(CLI.java:887)
	at org.audiveris.omr.CLI$CliTask.call(CLI.java:490)
	at org.audiveris.omr.Main.runBatchTasks(Main.java:363)
	at org.audiveris.omr.Main.main(Main.java:252)
	at Audiveris.main(Audiveris.java:50)
Caused by: java.lang.OutOfMemoryError: Java heap space
2023-07-21 20:55:23,184 INFO [MozaVeilSample]                 Book.java:2535 | Book{MozaVeilSample} storing
2023-07-21 20:55:23,306 INFO [MozaVeilSample]                 Book.java:2515 | Stored /book.xml
2023-07-21 20:55:23,375 INFO [MozaVeilSample]           DataHolder.java:348  | Stored /sheet#1/BINARY.png
2023-07-21 20:55:23,438 INFO [MozaVeilSample]                Sheet.java:1529 | Stored /sheet#1/sheet#1.xml
2023-07-21 20:55:23,440 INFO [MozaVeilSample]                 Book.java:2476 | Book stored as /data/output/MozaVeilSample.omr
2023-07-21 20:55:23,456 INFO [MozaVeilSample]            SheetStub.java:1605 | Disposed sheet
2023-07-21 20:55:23,623 INFO [MozaVeilSample]                 Book.java:2035 | End of Stub#1 memory: 380,082,552
2023-07-21 20:55:23,625 INFO [MozaVeilSample]                Score.java:885  | PartCollation needed in {Score 1}
2023-07-21 20:55:23,920 INFO [MozaVeilSample]            SheetStub.java:1044 | Loaded /sheet#1/sheet#1.xml
2023-07-21 20:55:23,922 INFO [MozaVeilSample]                 Book.java:2090 | Scores built: 1
2023-07-21 20:55:23,927 INFO [MozaVeilSample]      PartwiseBuilder.java:2645 | Exporting sheet(s): [#1]
2023-07-21 20:55:23,927 INFO [MozaVeilSample]                 Part.java:353  | Sheet#1 System#1 Part#2{ staves[1,2] configs:[5,5]} dummyPart id: 1
2023-07-21 20:55:23,931 INFO [MozaVeilSample]        ScoreExporter.java:164  | Score MozaVeilSample exported to /data/output/MozaVeilSample.mxl
2023-07-21 20:55:24,023 INFO [MozaVeilSample]                 Book.java:2515 | Stored /book.xml
2023-07-21 20:55:24,084 INFO [MozaVeilSample]                Sheet.java:1529 | Stored /sheet#1/sheet#1.xml
2023-07-21 20:55:24,085 INFO [MozaVeilSample]                 Book.java:2476 | Book stored as /data/output/MozaVeilSample.omr
2023-07-21 20:55:24,113 INFO [MozaVeilSample]                Score.java:187  | Closing {Score 1}
